[2023-05-05 10:50:49,777] - logger_.py] - DEBUG: 接口请求的方式：GET
[2023-05-05 10:50:49,777] - logger_.py] - DEBUG: 接口请求的地址: http://192.168.122.239:7037/hc/app/noAuth/logon/getRegisterStatus/52/1111599017
[2023-05-05 10:50:49,778] - logger_.py] - DEBUG: 接口请求的参数: {}
[2023-05-05 10:50:49,821] - logger_.py] - INFO: 调用-信贷判断手机号是否注册接口：{'code': 0, 'msg': '成功', 'data': False, 'traceId': 'cefad26d5d624e7c852541d517b1a160.158.16832550481540093', 'paginNation': {'total': 0, 'pageNo': 0, 'pageSize': 0, 'pages': 0}, 'skyWalkingDynamicField': None, 'success': True}
[2023-05-05 10:50:49,821] - logger_.py] - DEBUG: 接口请求的方式：POST
[2023-05-05 10:50:49,822] - logger_.py] - DEBUG: 接口请求的地址: http://192.168.122.239:7037/hc/app/noAuth/logon/doRegister
[2023-05-05 10:50:49,822] - logger_.py] - DEBUG: 接口请求的参数: "{\"phone\": \"1111599017\", \"shortNo\": \"9999\", \"password\": \"\", \"flag\": \"1\", \"countryCode\": \"52\", \"promotionChannels\": \"googlePlay\"}"
[2023-05-05 10:50:50,154] - logger_.py] - INFO: 调用-信贷注册接口报错
[2023-05-05 10:50:50,162] - logger_.py] - INFO: -----------------------用例开始得分割线-----------------------

[2023-05-05 10:50:50,163] - logger_.py] - DEBUG: 接口请求的方式：POST
[2023-05-05 10:50:50,164] - logger_.py] - DEBUG: 接口请求的地址: http://192.168.122.239:7037/hc/app/userInfo/saveDeviceInfo
[2023-05-05 10:50:50,165] - logger_.py] - DEBUG: 接口请求的参数: "{\"adbEnabled\": 1, \"androidId\": \"1293af837ebecb51\", \"availableStorage\": \"95.5420GB\", \"battery\": \"100\", \"codeName\": \"REL\", \"cpu\": \"arm64-v8a\", \"cpuCores\": \"8\", \"cpuInfo\": \" Qualcomm Technologies, Inc SDM660\", \"cpuSpeed\": \"1843200KHz\", \"currentWifi\": \"\\\"HAI-INNER\\\"\", \"detailAddress\": \"\", \"deviceLanguage\": \"zh\", \"deviceMac\": \"38:6E:A2:F0:C6:99\", \"deviceModel\": \"vivo#vivo X20A\", \"deviceSerial\": \"b605da0c\", \"deviceSoftwareVersion\": \"96\", \"deviceVersionType\": \"user\", \"displayMetrics\": \"1080,2160\", \"fingerPrint\": \"vivo/PD1709/PD1709:8.1.0/OPM1.171019.011/compil07282320:user/release-keys\", \"gaid\": \"\", \"hardware\": \"qcom\", \"imei\": \"867368038337617\", \"imsi\": \"\", \"lag\": \"\", \"lng\": \"\", \"mobileName\": \"vivo X20A\", \"model\": \"vivo#vivo X20A\", \"networkOperator\": \"\", \"networkOperatorName\": \"\", \"networkType\": \"wifi\", \"os\": \"8.1.0\", \"phoneAvailableRam\": \"1.6390GB\", \"phoneOs\": \"Android\", \"phoneTotalRam\": \"3.8951GB\", \"product\": \"PD1709\", \"radioVersion\": \"660_GEN_PACK-1.169733.1.227857.2\", \"resolution\": \"1080,2160\", \"resolutionHeight\": \"2160\", \"resolutionWidth\": \"1080\", \"rooted\": 0, \"routerMac\": \"98:f1:81:0c:cb:e2\", \"runtimeAvailableMemory\": \"0.0055GB\", \"runtimeMaxMemory\": \"0.2684GB\", \"simState\": \"0\", \"simulator\": \"0\", \"timeZone\": \"GMT+08:00\", \"totalStorage\": \"115.5784GB\", \"uuid\": \"756f517475674e616a4b4c6f616956426663527158774c6d616b73484f686300\", \"uuidOriginal\": \"[117, 111, 81, 116, 117, 103, 78, 97, 106, 75, 76, 111, 97, 105, 86, 66, 102, 99, 82, 113, 88, 119, 76, 109, 97, 107, 115, 72, 79, 104, 99, 0]\"}"
[2023-05-05 10:50:50,267] - logger_.py] - DEBUG: 接口响应结果是:{
  "code": -10,
  "msg": "\u767b\u5f55\u5931\u6548",
  "paginNation": {
    "pageNo": 0,
    "pageSize": 0,
    "pages": 0,
    "total": 0
  },
  "success": false,
  "traceId": "cefad26d5d624e7c852541d517b1a160.154.16832550485390093"
}
[2023-05-05 10:50:50,340] - logger_.py] - INFO: -----------------------用例结束得分割线-----------------------
[2023-05-05 10:50:50,341] - logger_.py] - INFO: -----------------------用例开始得分割线-----------------------

[2023-05-05 10:50:50,342] - logger_.py] - DEBUG: 接口请求的方式：POST
[2023-05-05 10:50:50,342] - logger_.py] - DEBUG: 接口请求的地址: http://192.168.122.239:7037/hc/app/userInfo/saveAddressBook
[2023-05-05 10:50:50,343] - logger_.py] - DEBUG: 接口请求的参数: "[{\"addressBookId\": \"19\", \"contactName\": \"amy one\", \"contactPhone\": \"09450000111\", \"lastTime\": \"1638259595590\", \"saveTime\": \"1638259595590\"}, {\"addressBookId\": \"20\", \"contactName\": \"amy two\", \"contactPhone\": \"09450000001\", \"lastTime\": \"1638259664781\", \"saveTime\": \"1638259664781\"}, {\"addressBookId\": \"21\", \"contactName\": \"amy3\", \"contactPhone\": \"09450000003\", \"lastTime\": \"1638259709390\", \"saveTime\": \"1638259709390\"}, {\"addressBookId\": \"174\", \"contactName\": \"love\", \"contactPhone\": \"639851615336\", \"lastTime\": \"1675066553839\", \"saveTime\": \"1675066553839\"}]"
[2023-05-05 10:50:50,443] - logger_.py] - DEBUG: 接口响应结果是:{
  "code": -10,
  "msg": "\u767b\u5f55\u5931\u6548",
  "paginNation": {
    "pageNo": 0,
    "pageSize": 0,
    "pages": 0,
    "total": 0
  },
  "success": false,
  "traceId": "cefad26d5d624e7c852541d517b1a160.156.16832550487170093"
}
[2023-05-05 10:50:50,446] - logger_.py] - INFO: -----------------------用例结束得分割线-----------------------
[2023-05-05 10:50:50,447] - logger_.py] - INFO: -----------------------用例开始得分割线-----------------------

[2023-05-05 10:50:50,447] - logger_.py] - DEBUG: 接口请求的方式：POST
[2023-05-05 10:50:50,448] - logger_.py] - DEBUG: 接口请求的地址: http://192.168.122.239:7037/hc/app/loan/queryAvailableProduct
[2023-05-05 10:50:50,448] - logger_.py] - DEBUG: 接口请求的参数: "{\"dayRate\": \"0.77\", \"expectedInstallment\": 0, \"isNew\": \"1\", \"merchantNo\": \"01\", \"orgNo\": \"MEX\", \"prductPayAmountMax\": 1300, \"prductPayAmountMin\": 300, \"productAmount\": 0, \"productFastPayTime\": \"50\", \"productIntroduce\": \"testhhh\", \"productLoanTerm\": \"1\", \"productName\": \"Pr\\u00e9stamos seguros\", \"productNo\": \"\", \"productPictureUrl\": \"/upload/image/20220803/2022080301312987180381.png\", \"productTerm\": 0, \"showPeriod\": 0, \"userExpectedAmount\": 0, \"userExpectedTerm\": 0}"
[2023-05-05 10:50:50,551] - logger_.py] - DEBUG: 接口响应结果是:{
  "code": -10,
  "msg": "\u767b\u5f55\u5931\u6548",
  "paginNation": {
    "pageNo": 0,
    "pageSize": 0,
    "pages": 0,
    "total": 0
  },
  "success": false,
  "traceId": "cefad26d5d624e7c852541d517b1a160.150.16832550488230093"
}
[2023-05-05 10:50:50,554] - logger_.py] - INFO: -----------------------用例结束得分割线-----------------------
[2023-05-05 10:50:50,555] - logger_.py] - INFO: -----------------------用例开始得分割线-----------------------

[2023-05-05 10:50:50,556] - logger_.py] - DEBUG: 接口请求的方式：POST
[2023-05-05 10:50:50,556] - logger_.py] - DEBUG: 接口请求的地址: http://192.168.122.239:7037/hc/app/market/submitOneProduct
[2023-05-05 10:50:50,556] - logger_.py] - DEBUG: 接口请求的参数: "{\"promotionChannels\": \"googlePlay\", \"firstExpectDay\": 121, \"work\": {\"income\": \"1\", \"incomeLabel\": \"1\\u4e07-1.5\\u4e07\", \"payDay\": \"5\", \"post\": \"6\", \"postLabel\": \"\\u519c\\u6c11\", \"workTime\": \"7\", \"workTimeLabel\": \"3-5\\u5e74\"}, \"sign\": {\"adbEnabled\": 1, \"androidId\": \"1293af837ebecb51\", \"availableStorage\": \"95.5419GB\", \"battery\": \"99\", \"codeName\": \"REL\", \"cpu\": \"arm64-v8a\", \"cpuCores\": \"8\", \"cpuInfo\": \" Qualcomm Technologies, Inc SDM660\", \"cpuSpeed\": \"1843200KHz\", \"currentWifi\": \"\\\"HAI-INNER\\\"\", \"detailAddress\": \"\", \"deviceLanguage\": \"zh\", \"deviceMac\": \"38:6E:A2:F0:C6:99\", \"deviceModel\": \"vivo#vivo X20A\", \"deviceSerial\": \"b605da0c\", \"deviceSoftwareVersion\": \"96\", \"deviceVersionType\": \"user\", \"displayMetrics\": \"1080,2160\", \"fingerPrint\": \"vivo/PD1709/PD1709:8.1.0/OPM1.171019.011/compil07282320:user/release-keys\", \"gaid\": \"\", \"hardware\": \"qcom\", \"imei\": \"867368038337617\", \"imsi\": \"\", \"lag\": \"\", \"lng\": \"\", \"mobileName\": \"vivo X20A\", \"model\": \"vivo#vivo X20A\", \"networkOperator\": \"\", \"networkOperatorName\": \"\", \"networkType\": \"wifi\", \"os\": \"8.1.0\", \"phoneAvailableRam\": \"1.4318GB\", \"phoneOs\": \"Android\", \"phoneTotalRam\": \"3.8951GB\", \"product\": \"PD1709\", \"radioVersion\": \"660_GEN_PACK-1.169733.1.227857.2\", \"resolution\": \"1080,2160\", \"resolutionHeight\": \"2160\", \"resolutionWidth\": \"1080\", \"rooted\": 0, \"routerMac\": \"98:f1:81:0c:cb:e2\", \"runtimeAvailableMemory\": \"0.0007GB\", \"runtimeMaxMemory\": \"0.2684GB\", \"simState\": \"0\", \"simulator\": \"0\", \"timeZone\": \"GMT+08:00\", \"totalStorage\": \"115.5784GB\", \"uuid\": \"756f517475674e616a4b4c6f616956426663527158774c6d616b73484f686300\", \"uuidOriginal\": \"[117, 111, 81, 116, 117, 103, 78, 97, 106, 75, 76, 111, 97, 105, 86, 66, 102, 99, 82, 113, 88, 119, 76, 109, 97, 107, 115, 72, 79, 104, 99, 0]\"}, \"s2sSendEventDto\": {\"appId\": \"com.loans.customer.application\", \"appsflyerId\": \"Mu9Lvw3vMLLhv3MQyRvLx4\", \"gaid\": \"\", \"uuid\": \"1679628344563-6496815496248\"}, \"usePromoCode\": 0, \"bank\": {\"attach\": [{\"channel\": \"app\", \"localPath\": \"/storage/emulated/0/Download/images/1680259237272.jpg\", \"md5\": \"00BA824D9674CCA5D857C894F1C072E3\", \"newName\": \"20230419105335145505118.jpg\", \"newPathName\": \"/upload/file/20230419/20230419105335145505118.jpg\", \"originalAttachName\": \"1680259237272.jpg\", \"originalName\": \"1680259237272.jpg\", \"path\": \"/upload/file/20230419\", \"purpose\": \"sfzzm\", \"size\": 2102647, \"uploadType\": \"file\"}, {\"channel\": \"app\", \"localPath\": \"/storage/emulated/0/Download/images/1680255435029.jpg\", \"md5\": \"16CA87A606214A894BD29E2468EA59E5\", \"newName\": \"20230419105412145658541.jpg\", \"newPathName\": \"/upload/file/20230419/20230419105412145658541.jpg\", \"originalAttachName\": \"1680255435029.jpg\", \"originalName\": \"1680255435029.jpg\", \"path\": \"/upload/file/20230419\", \"purpose\": \"scsfz\", \"size\": 2322111, \"uploadType\": \"file\"}], \"idCard\": \"0484644848\", \"idCardRegex\": \"^\\\\d{10}$\", \"idCardType\": \"5\", \"idCardTypeLabel\": \"SSS ID\", \"placeholder\": \"0123456789\", \"prefix\": \"\"}, \"firstExpectAmount\": 3300, \"orgNo\": \"CG\", \"appList\": [{\"appName\": \"\\u751f\\u6d3b\\u94b1\\u5305\", \"appVersion\": \"1.0.0\", \"firstInstallTime\": \"2022-04-18 19:01:13\", \"lastUpdateTime\": \"2022-04-18 19:47:43\", \"packageName\": \"com.life.wallet\"}, {\"appName\": \"\\u6743\\u9650\\u7ba1\\u7406\", \"appVersion\": \"4.5.5.1\", \"firstInstallTime\": \"2009-01-01 00:00:00\", \"lastUpdateTime\": \"2009-01-01 00:00:00\", \"packageName\": \"com.vivo.permissionmanager\"}, {\"appName\": \"\\u5feb\\u5e94\\u7528\", \"appVersion\": \"1.10.2.202\", \"firstInstallTime\": \"2009-01-01 00:00:00\", \"lastUpdateTime\": \"2022-12-12 02:26:57\", \"packageName\": \"com.vivo.hybrid\"}, {\"appName\": \"vivo\\u684c\\u9762\", \"appVersion\": \"5.0.6.9\", \"firstInstallTime\": \"2009-01-01 00:00:00\", \"lastUpdateTime\": \"2022-10-14 04:01:15\", \"packageName\": \"com.bbk.launcher2\"}, {\"appName\": \"\\u7535\\u8bdd\", \"appVersion\": \"4.0\", \"firstInstallTime\": \"2009-01-01 00:00:00\", \"lastUpdateTime\": \"2009-01-01 00:00:00\", \"packageName\": \"com.android.dialer\"}, {\"appName\": \"QQ\", \"appVersion\": \"8.9.25\", \"firstInstallTime\": \"1974-01-24 01:52:58\", \"lastUpdateTime\": \"2023-01-04 11:42:13\", \"packageName\": \"com.tencent.mobileqq\"}, {\"appName\": \"\\u8f6f\\u4ef6\\u5305\\u5b89\\u88c5\\u7a0b\\u5e8f\", \"appVersion\": \"12.3.2.0.4\", \"firstInstallTime\": \"2009-01-01 00:00:00\", \"lastUpdateTime\": \"2022-11-16 03:53:02\", \"packageName\": \"com.android.packageinstaller\"}, {\"appName\": \"\\u9605\\u56fe\\u9501\\u5c4f\\u670d\\u52a1\", \"appVersion\": \"4.3.1.2\", \"firstInstallTime\": \"2009-01-01 00:00:00\", \"lastUpdateTime\": \"2009-01-01 00:00:00\", \"packageName\": \"com.vivo.magazine\"}, {\"appName\": \"\\u5168\\u5c40\\u5185\\u5bb9\\u8bc6\\u522b\", \"appVersion\": \"8.6.0.4\", \"firstInstallTime\": \"2009-01-01 00:00:00\", \"lastUpdateTime\": \"2022-12-12 18:28:35\", \"packageName\": \"com.vivo.contentcatcher\"}, {\"appName\": \"\\u7cfb\\u7edf\\u754c\\u9762\", \"appVersion\": \"4.0\", \"firstInstallTime\": \"2009-01-01 00:00:00\", \"lastUpdateTime\": \"2009-01-01 00:00:00\", \"packageName\": \"com.android.systemui\"}, {\"appName\": \"\\u8d85\\u7ea7\\u7701\\u7535\", \"appVersion\": \"4.0.6\", \"firstInstallTime\": \"2009-01-01 00:00:00\", \"lastUpdateTime\": \"2009-01-01 00:00:00\", \"packageName\": \"com.bbk.SuperPowerSave\"}, {\"appName\": \"\\u6d4f\\u89c8\\u5668\", \"appVersion\": \"12.9.0.0\", \"firstInstallTime\": \"2009-01-01 00:00:00\", \"lastUpdateTime\": \"2022-12-13 06:09:05\", \"packageName\": \"com.vivo.browser\"}, {\"appName\": \"\\u6dd8\\u5b9d\", \"appVersion\": \"10.18.10\", \"firstInstallTime\": \"1974-01-24 01:52:58\", \"lastUpdateTime\": \"2022-11-29 09:36:59\", \"packageName\": \"com.taobao.taobao\"}], \"applyLoanAmount\": 3300, \"configPayout\": true, \"adjustDto\": {\"appToken\": \"ifuidhmsevb4\"}, \"customerSource\": \"com.loans.customer.application\", \"newOrder\": \"1\", \"payoutPaymentConfig\": {\"bankConfig\": {\"bankCard\": \"\", \"bankType\": {\"label\": \"\", \"value\": \"\"}, \"name\": \"\"}, \"ewalletConfig\": {\"accountHolder\": \"dbhd,dbbd\", \"accountNo\": \"09234191046\"}, \"paymentChildKey\": {\"label\": \"GCash\", \"value\": \"gcash\"}, \"paymentTypeKey\": {\"label\": \"E-wallect\", \"value\": \"ewallet\"}, \"payoutChannel\": \"xendit\", \"storeConfig\": {\"mobileNumber\": \"\", \"name\": \"\"}}, \"productNo\": \"CG_25_1_0_202301091038590231\", \"base\": {\"birthday\": \"1991-04-10\", \"childLabel\": \"3\", \"childNum\": \"3\", \"education\": \"3\", \"educationLabel\": \"\\u9ad8\\u4e2d\", \"email\": \"q@qq.com\", \"facebook\": \"facebook\", \"familyName\": \"dbhd\", \"givenName\": \"dbbd\", \"instancyContacts\": [{\"contactName\": \"amy one\", \"contactPhone\": \"09450000111\", \"contactRealName\": \"amy one\", \"contactRelation\": \"0\", \"contactRelationLabel\": \"\\u914d\\u5076\", \"sort\": 0}, {\"contactName\": \"amy two\", \"contactPhone\": \"09450000001\", \"contactRealName\": \"amy two\", \"contactRelation\": \"1\", \"contactRelationLabel\": \"\\u5144\\u5f1f\\u59d0\\u59b9\", \"sort\": 0}, {\"contactName\": \"amy3\", \"contactPhone\": \"09450000003\", \"contactRealName\": \"amy3\", \"contactRelation\": \"2\", \"contactRelationLabel\": \"\\u7236\\u6bcd\", \"sort\": 0}], \"maritalStatus\": \"2\", \"maritalStatusLabel\": \"\\u5df2\\u5a5a\", \"middleName\": \"\", \"placeAddress\": \"zbvdd\", \"placeAddressLabel\": \"CAGAYAN ABULUG Calog Sur\", \"placeCity\": \"0006\", \"placeCounty\": \"0006342\", \"placeDistrict\": \"000634203301\", \"placeTime\": \"8\", \"placeTimeLabel\": \"5-10\\u5e74\", \"propertyInfo\": \"4\", \"propertyInfoLabel\": \"\\u6709\\u8f66\\u6709\\u623f\", \"sex\": \"2\", \"sysPlaceAddress\": \"CAGAYAN ABULUG Calog Sur zbvdd\", \"uname\": \"dbhd,dbbd\"}, \"merchantNo\": \"25\"}"
[2023-05-05 10:50:50,665] - logger_.py] - DEBUG: 接口响应结果是:{
  "code": -10,
  "msg": "\u767b\u5f55\u5931\u6548",
  "paginNation": {
    "pageNo": 0,
    "pageSize": 0,
    "pages": 0,
    "total": 0
  },
  "success": false,
  "traceId": "cefad26d5d624e7c852541d517b1a160.151.16832550489390093"
}
[2023-05-05 10:50:50,669] - logger_.py] - INFO: -----------------------用例结束得分割线-----------------------
[2023-05-05 10:52:25,789] - logger_.py] - DEBUG: 接口请求的方式：GET
[2023-05-05 10:52:25,789] - logger_.py] - DEBUG: 接口请求的地址: http://192.168.122.239:7037/hc/app/noAuth/logon/getRegisterStatus/52/1111599017
[2023-05-05 10:52:25,790] - logger_.py] - DEBUG: 接口请求的参数: {}
[2023-05-05 10:52:25,850] - logger_.py] - INFO: 调用-信贷判断手机号是否注册接口：{'code': 0, 'msg': '成功', 'data': False, 'traceId': 'cefad26d5d624e7c852541d517b1a160.157.16832551441640089', 'paginNation': {'total': 0, 'pageNo': 0, 'pageSize': 0, 'pages': 0}, 'skyWalkingDynamicField': None, 'success': True}
[2023-05-05 10:52:25,851] - logger_.py] - DEBUG: 接口请求的方式：POST
[2023-05-05 10:52:25,851] - logger_.py] - DEBUG: 接口请求的地址: http://192.168.122.239:7037/hc/app/noAuth/logon/doRegister
[2023-05-05 10:52:25,852] - logger_.py] - DEBUG: 接口请求的参数: "{\"phone\": \"1111599017\", \"shortNo\": \"9999\", \"password\": \"\", \"flag\": \"1\", \"countryCode\": \"52\", \"promotionChannels\": \"googlePlay\"}"
[2023-05-05 10:52:26,139] - logger_.py] - INFO: 调用-信贷注册接口报错
[2023-05-05 10:52:26,146] - logger_.py] - INFO: -----------------------用例开始得分割线-----------------------

[2023-05-05 10:52:26,147] - logger_.py] - DEBUG: 接口请求的方式：POST
[2023-05-05 10:52:26,147] - logger_.py] - DEBUG: 接口请求的地址: http://192.168.122.239:7037/hc/app/userInfo/saveDeviceInfo
[2023-05-05 10:52:26,148] - logger_.py] - DEBUG: 接口请求的参数: "{\"adbEnabled\": 1, \"androidId\": \"1293af837ebecb51\", \"availableStorage\": \"95.5420GB\", \"battery\": \"100\", \"codeName\": \"REL\", \"cpu\": \"arm64-v8a\", \"cpuCores\": \"8\", \"cpuInfo\": \" Qualcomm Technologies, Inc SDM660\", \"cpuSpeed\": \"1843200KHz\", \"currentWifi\": \"\\\"HAI-INNER\\\"\", \"detailAddress\": \"\", \"deviceLanguage\": \"zh\", \"deviceMac\": \"38:6E:A2:F0:C6:99\", \"deviceModel\": \"vivo#vivo X20A\", \"deviceSerial\": \"b605da0c\", \"deviceSoftwareVersion\": \"96\", \"deviceVersionType\": \"user\", \"displayMetrics\": \"1080,2160\", \"fingerPrint\": \"vivo/PD1709/PD1709:8.1.0/OPM1.171019.011/compil07282320:user/release-keys\", \"gaid\": \"\", \"hardware\": \"qcom\", \"imei\": \"867368038337617\", \"imsi\": \"\", \"lag\": \"\", \"lng\": \"\", \"mobileName\": \"vivo X20A\", \"model\": \"vivo#vivo X20A\", \"networkOperator\": \"\", \"networkOperatorName\": \"\", \"networkType\": \"wifi\", \"os\": \"8.1.0\", \"phoneAvailableRam\": \"1.6390GB\", \"phoneOs\": \"Android\", \"phoneTotalRam\": \"3.8951GB\", \"product\": \"PD1709\", \"radioVersion\": \"660_GEN_PACK-1.169733.1.227857.2\", \"resolution\": \"1080,2160\", \"resolutionHeight\": \"2160\", \"resolutionWidth\": \"1080\", \"rooted\": 0, \"routerMac\": \"98:f1:81:0c:cb:e2\", \"runtimeAvailableMemory\": \"0.0055GB\", \"runtimeMaxMemory\": \"0.2684GB\", \"simState\": \"0\", \"simulator\": \"0\", \"timeZone\": \"GMT+08:00\", \"totalStorage\": \"115.5784GB\", \"uuid\": \"756f517475674e616a4b4c6f616956426663527158774c6d616b73484f686300\", \"uuidOriginal\": \"[117, 111, 81, 116, 117, 103, 78, 97, 106, 75, 76, 111, 97, 105, 86, 66, 102, 99, 82, 113, 88, 119, 76, 109, 97, 107, 115, 72, 79, 104, 99, 0]\"}"
[2023-05-05 10:52:26,246] - logger_.py] - DEBUG: 接口响应结果是:{
  "code": -10,
  "msg": "\u767b\u5f55\u5931\u6548",
  "paginNation": {
    "pageNo": 0,
    "pageSize": 0,
    "pages": 0,
    "total": 0
  },
  "success": false,
  "traceId": "cefad26d5d624e7c852541d517b1a160.159.16832551445210093"
}
[2023-05-05 10:52:26,324] - logger_.py] - INFO: -----------------------用例结束得分割线-----------------------
[2023-05-05 10:52:26,326] - logger_.py] - INFO: -----------------------用例开始得分割线-----------------------

[2023-05-05 10:52:26,327] - logger_.py] - DEBUG: 接口请求的方式：POST
[2023-05-05 10:52:26,327] - logger_.py] - DEBUG: 接口请求的地址: http://192.168.122.239:7037/hc/app/userInfo/saveAddressBook
[2023-05-05 10:52:26,328] - logger_.py] - DEBUG: 接口请求的参数: "[{\"addressBookId\": \"19\", \"contactName\": \"amy one\", \"contactPhone\": \"09450000111\", \"lastTime\": \"1638259595590\", \"saveTime\": \"1638259595590\"}, {\"addressBookId\": \"20\", \"contactName\": \"amy two\", \"contactPhone\": \"09450000001\", \"lastTime\": \"1638259664781\", \"saveTime\": \"1638259664781\"}, {\"addressBookId\": \"21\", \"contactName\": \"amy3\", \"contactPhone\": \"09450000003\", \"lastTime\": \"1638259709390\", \"saveTime\": \"1638259709390\"}, {\"addressBookId\": \"174\", \"contactName\": \"love\", \"contactPhone\": \"639851615336\", \"lastTime\": \"1675066553839\", \"saveTime\": \"1675066553839\"}]"
[2023-05-05 10:52:26,428] - logger_.py] - DEBUG: 接口响应结果是:{
  "code": -10,
  "msg": "\u767b\u5f55\u5931\u6548",
  "paginNation": {
    "pageNo": 0,
    "pageSize": 0,
    "pages": 0,
    "total": 0
  },
  "success": false,
  "traceId": "cefad26d5d624e7c852541d517b1a160.158.16832551447000095"
}
[2023-05-05 10:52:26,432] - logger_.py] - INFO: -----------------------用例结束得分割线-----------------------
[2023-05-05 10:52:26,433] - logger_.py] - INFO: -----------------------用例开始得分割线-----------------------

[2023-05-05 10:52:26,434] - logger_.py] - DEBUG: 接口请求的方式：POST
[2023-05-05 10:52:26,435] - logger_.py] - DEBUG: 接口请求的地址: http://192.168.122.239:7037/hc/app/loan/queryAvailableProduct
[2023-05-05 10:52:26,435] - logger_.py] - DEBUG: 接口请求的参数: "{\"dayRate\": \"0.77\", \"expectedInstallment\": 0, \"isNew\": \"1\", \"merchantNo\": \"01\", \"orgNo\": \"MEX\", \"prductPayAmountMax\": 1300, \"prductPayAmountMin\": 300, \"productAmount\": 0, \"productFastPayTime\": \"50\", \"productIntroduce\": \"testhhh\", \"productLoanTerm\": \"1\", \"productName\": \"Pr\\u00e9stamos seguros\", \"productNo\": \"\", \"productPictureUrl\": \"/upload/image/20220803/2022080301312987180381.png\", \"productTerm\": 0, \"showPeriod\": 0, \"userExpectedAmount\": 0, \"userExpectedTerm\": 0}"
[2023-05-05 10:52:26,528] - logger_.py] - DEBUG: 接口响应结果是:{
  "code": -10,
  "msg": "\u767b\u5f55\u5931\u6548",
  "paginNation": {
    "pageNo": 0,
    "pageSize": 0,
    "pages": 0,
    "total": 0
  },
  "success": false,
  "traceId": "cefad26d5d624e7c852541d517b1a160.155.16832551448070097"
}
[2023-05-05 10:52:26,532] - logger_.py] - INFO: -----------------------用例结束得分割线-----------------------
[2023-05-05 10:52:26,533] - logger_.py] - INFO: -----------------------用例开始得分割线-----------------------

[2023-05-05 10:52:26,534] - logger_.py] - DEBUG: 接口请求的方式：POST
[2023-05-05 10:52:26,535] - logger_.py] - DEBUG: 接口请求的地址: http://192.168.122.239:7037/hc/app/market/submitOneProduct
[2023-05-05 10:52:26,535] - logger_.py] - DEBUG: 接口请求的参数: "{\"promotionChannels\": \"googlePlay\", \"firstExpectDay\": 121, \"work\": {\"income\": \"1\", \"incomeLabel\": \"1\\u4e07-1.5\\u4e07\", \"payDay\": \"5\", \"post\": \"6\", \"postLabel\": \"\\u519c\\u6c11\", \"workTime\": \"7\", \"workTimeLabel\": \"3-5\\u5e74\"}, \"sign\": {\"adbEnabled\": 1, \"androidId\": \"1293af837ebecb51\", \"availableStorage\": \"95.5419GB\", \"battery\": \"99\", \"codeName\": \"REL\", \"cpu\": \"arm64-v8a\", \"cpuCores\": \"8\", \"cpuInfo\": \" Qualcomm Technologies, Inc SDM660\", \"cpuSpeed\": \"1843200KHz\", \"currentWifi\": \"\\\"HAI-INNER\\\"\", \"detailAddress\": \"\", \"deviceLanguage\": \"zh\", \"deviceMac\": \"38:6E:A2:F0:C6:99\", \"deviceModel\": \"vivo#vivo X20A\", \"deviceSerial\": \"b605da0c\", \"deviceSoftwareVersion\": \"96\", \"deviceVersionType\": \"user\", \"displayMetrics\": \"1080,2160\", \"fingerPrint\": \"vivo/PD1709/PD1709:8.1.0/OPM1.171019.011/compil07282320:user/release-keys\", \"gaid\": \"\", \"hardware\": \"qcom\", \"imei\": \"867368038337617\", \"imsi\": \"\", \"lag\": \"\", \"lng\": \"\", \"mobileName\": \"vivo X20A\", \"model\": \"vivo#vivo X20A\", \"networkOperator\": \"\", \"networkOperatorName\": \"\", \"networkType\": \"wifi\", \"os\": \"8.1.0\", \"phoneAvailableRam\": \"1.4318GB\", \"phoneOs\": \"Android\", \"phoneTotalRam\": \"3.8951GB\", \"product\": \"PD1709\", \"radioVersion\": \"660_GEN_PACK-1.169733.1.227857.2\", \"resolution\": \"1080,2160\", \"resolutionHeight\": \"2160\", \"resolutionWidth\": \"1080\", \"rooted\": 0, \"routerMac\": \"98:f1:81:0c:cb:e2\", \"runtimeAvailableMemory\": \"0.0007GB\", \"runtimeMaxMemory\": \"0.2684GB\", \"simState\": \"0\", \"simulator\": \"0\", \"timeZone\": \"GMT+08:00\", \"totalStorage\": \"115.5784GB\", \"uuid\": \"756f517475674e616a4b4c6f616956426663527158774c6d616b73484f686300\", \"uuidOriginal\": \"[117, 111, 81, 116, 117, 103, 78, 97, 106, 75, 76, 111, 97, 105, 86, 66, 102, 99, 82, 113, 88, 119, 76, 109, 97, 107, 115, 72, 79, 104, 99, 0]\"}, \"s2sSendEventDto\": {\"appId\": \"com.loans.customer.application\", \"appsflyerId\": \"Mu9Lvw3vMLLhv3MQyRvLx4\", \"gaid\": \"\", \"uuid\": \"1679628344563-6496815496248\"}, \"usePromoCode\": 0, \"bank\": {\"attach\": [{\"channel\": \"app\", \"localPath\": \"/storage/emulated/0/Download/images/1680259237272.jpg\", \"md5\": \"00BA824D9674CCA5D857C894F1C072E3\", \"newName\": \"20230419105335145505118.jpg\", \"newPathName\": \"/upload/file/20230419/20230419105335145505118.jpg\", \"originalAttachName\": \"1680259237272.jpg\", \"originalName\": \"1680259237272.jpg\", \"path\": \"/upload/file/20230419\", \"purpose\": \"sfzzm\", \"size\": 2102647, \"uploadType\": \"file\"}, {\"channel\": \"app\", \"localPath\": \"/storage/emulated/0/Download/images/1680255435029.jpg\", \"md5\": \"16CA87A606214A894BD29E2468EA59E5\", \"newName\": \"20230419105412145658541.jpg\", \"newPathName\": \"/upload/file/20230419/20230419105412145658541.jpg\", \"originalAttachName\": \"1680255435029.jpg\", \"originalName\": \"1680255435029.jpg\", \"path\": \"/upload/file/20230419\", \"purpose\": \"scsfz\", \"size\": 2322111, \"uploadType\": \"file\"}], \"idCard\": \"0484644848\", \"idCardRegex\": \"^\\\\d{10}$\", \"idCardType\": \"5\", \"idCardTypeLabel\": \"SSS ID\", \"placeholder\": \"0123456789\", \"prefix\": \"\"}, \"firstExpectAmount\": 3300, \"orgNo\": \"CG\", \"appList\": [{\"appName\": \"\\u751f\\u6d3b\\u94b1\\u5305\", \"appVersion\": \"1.0.0\", \"firstInstallTime\": \"2022-04-18 19:01:13\", \"lastUpdateTime\": \"2022-04-18 19:47:43\", \"packageName\": \"com.life.wallet\"}, {\"appName\": \"\\u6743\\u9650\\u7ba1\\u7406\", \"appVersion\": \"4.5.5.1\", \"firstInstallTime\": \"2009-01-01 00:00:00\", \"lastUpdateTime\": \"2009-01-01 00:00:00\", \"packageName\": \"com.vivo.permissionmanager\"}, {\"appName\": \"\\u5feb\\u5e94\\u7528\", \"appVersion\": \"1.10.2.202\", \"firstInstallTime\": \"2009-01-01 00:00:00\", \"lastUpdateTime\": \"2022-12-12 02:26:57\", \"packageName\": \"com.vivo.hybrid\"}, {\"appName\": \"vivo\\u684c\\u9762\", \"appVersion\": \"5.0.6.9\", \"firstInstallTime\": \"2009-01-01 00:00:00\", \"lastUpdateTime\": \"2022-10-14 04:01:15\", \"packageName\": \"com.bbk.launcher2\"}, {\"appName\": \"\\u7535\\u8bdd\", \"appVersion\": \"4.0\", \"firstInstallTime\": \"2009-01-01 00:00:00\", \"lastUpdateTime\": \"2009-01-01 00:00:00\", \"packageName\": \"com.android.dialer\"}, {\"appName\": \"QQ\", \"appVersion\": \"8.9.25\", \"firstInstallTime\": \"1974-01-24 01:52:58\", \"lastUpdateTime\": \"2023-01-04 11:42:13\", \"packageName\": \"com.tencent.mobileqq\"}, {\"appName\": \"\\u8f6f\\u4ef6\\u5305\\u5b89\\u88c5\\u7a0b\\u5e8f\", \"appVersion\": \"12.3.2.0.4\", \"firstInstallTime\": \"2009-01-01 00:00:00\", \"lastUpdateTime\": \"2022-11-16 03:53:02\", \"packageName\": \"com.android.packageinstaller\"}, {\"appName\": \"\\u9605\\u56fe\\u9501\\u5c4f\\u670d\\u52a1\", \"appVersion\": \"4.3.1.2\", \"firstInstallTime\": \"2009-01-01 00:00:00\", \"lastUpdateTime\": \"2009-01-01 00:00:00\", \"packageName\": \"com.vivo.magazine\"}, {\"appName\": \"\\u5168\\u5c40\\u5185\\u5bb9\\u8bc6\\u522b\", \"appVersion\": \"8.6.0.4\", \"firstInstallTime\": \"2009-01-01 00:00:00\", \"lastUpdateTime\": \"2022-12-12 18:28:35\", \"packageName\": \"com.vivo.contentcatcher\"}, {\"appName\": \"\\u7cfb\\u7edf\\u754c\\u9762\", \"appVersion\": \"4.0\", \"firstInstallTime\": \"2009-01-01 00:00:00\", \"lastUpdateTime\": \"2009-01-01 00:00:00\", \"packageName\": \"com.android.systemui\"}, {\"appName\": \"\\u8d85\\u7ea7\\u7701\\u7535\", \"appVersion\": \"4.0.6\", \"firstInstallTime\": \"2009-01-01 00:00:00\", \"lastUpdateTime\": \"2009-01-01 00:00:00\", \"packageName\": \"com.bbk.SuperPowerSave\"}, {\"appName\": \"\\u6d4f\\u89c8\\u5668\", \"appVersion\": \"12.9.0.0\", \"firstInstallTime\": \"2009-01-01 00:00:00\", \"lastUpdateTime\": \"2022-12-13 06:09:05\", \"packageName\": \"com.vivo.browser\"}, {\"appName\": \"\\u6dd8\\u5b9d\", \"appVersion\": \"10.18.10\", \"firstInstallTime\": \"1974-01-24 01:52:58\", \"lastUpdateTime\": \"2022-11-29 09:36:59\", \"packageName\": \"com.taobao.taobao\"}], \"applyLoanAmount\": 3300, \"configPayout\": true, \"adjustDto\": {\"appToken\": \"ifuidhmsevb4\"}, \"customerSource\": \"com.loans.customer.application\", \"newOrder\": \"1\", \"payoutPaymentConfig\": {\"bankConfig\": {\"bankCard\": \"\", \"bankType\": {\"label\": \"\", \"value\": \"\"}, \"name\": \"\"}, \"ewalletConfig\": {\"accountHolder\": \"dbhd,dbbd\", \"accountNo\": \"09234191046\"}, \"paymentChildKey\": {\"label\": \"GCash\", \"value\": \"gcash\"}, \"paymentTypeKey\": {\"label\": \"E-wallect\", \"value\": \"ewallet\"}, \"payoutChannel\": \"xendit\", \"storeConfig\": {\"mobileNumber\": \"\", \"name\": \"\"}}, \"productNo\": \"CG_25_1_0_202301091038590231\", \"base\": {\"birthday\": \"1991-04-10\", \"childLabel\": \"3\", \"childNum\": \"3\", \"education\": \"3\", \"educationLabel\": \"\\u9ad8\\u4e2d\", \"email\": \"q@qq.com\", \"facebook\": \"facebook\", \"familyName\": \"dbhd\", \"givenName\": \"dbbd\", \"instancyContacts\": [{\"contactName\": \"amy one\", \"contactPhone\": \"09450000111\", \"contactRealName\": \"amy one\", \"contactRelation\": \"0\", \"contactRelationLabel\": \"\\u914d\\u5076\", \"sort\": 0}, {\"contactName\": \"amy two\", \"contactPhone\": \"09450000001\", \"contactRealName\": \"amy two\", \"contactRelation\": \"1\", \"contactRelationLabel\": \"\\u5144\\u5f1f\\u59d0\\u59b9\", \"sort\": 0}, {\"contactName\": \"amy3\", \"contactPhone\": \"09450000003\", \"contactRealName\": \"amy3\", \"contactRelation\": \"2\", \"contactRelationLabel\": \"\\u7236\\u6bcd\", \"sort\": 0}], \"maritalStatus\": \"2\", \"maritalStatusLabel\": \"\\u5df2\\u5a5a\", \"middleName\": \"\", \"placeAddress\": \"zbvdd\", \"placeAddressLabel\": \"CAGAYAN ABULUG Calog Sur\", \"placeCity\": \"0006\", \"placeCounty\": \"0006342\", \"placeDistrict\": \"000634203301\", \"placeTime\": \"8\", \"placeTimeLabel\": \"5-10\\u5e74\", \"propertyInfo\": \"4\", \"propertyInfoLabel\": \"\\u6709\\u8f66\\u6709\\u623f\", \"sex\": \"2\", \"sysPlaceAddress\": \"CAGAYAN ABULUG Calog Sur zbvdd\", \"uname\": \"dbhd,dbbd\"}, \"merchantNo\": \"25\"}"
[2023-05-05 10:52:26,636] - logger_.py] - DEBUG: 接口响应结果是:{
  "code": -10,
  "msg": "\u767b\u5f55\u5931\u6548",
  "paginNation": {
    "pageNo": 0,
    "pageSize": 0,
    "pages": 0,
    "total": 0
  },
  "success": false,
  "traceId": "cefad26d5d624e7c852541d517b1a160.154.16832551449080095"
}
[2023-05-05 10:52:26,651] - logger_.py] - INFO: -----------------------用例结束得分割线-----------------------
[2023-05-05 10:52:57,456] - logger_.py] - DEBUG: 接口请求的方式：GET
[2023-05-05 10:52:57,456] - logger_.py] - DEBUG: 接口请求的地址: http://192.168.122.239:7037/hc/app/noAuth/logon/getRegisterStatus/52/1111599017
[2023-05-05 10:52:57,457] - logger_.py] - DEBUG: 接口请求的参数: {}
[2023-05-05 10:52:57,525] - logger_.py] - INFO: 调用-信贷判断手机号是否注册接口：{'code': 0, 'msg': '成功', 'data': False, 'traceId': 'cefad26d5d624e7c852541d517b1a160.156.16832551758480095', 'paginNation': {'total': 0, 'pageNo': 0, 'pageSize': 0, 'pages': 0}, 'skyWalkingDynamicField': None, 'success': True}
[2023-05-05 10:52:57,526] - logger_.py] - DEBUG: 接口请求的方式：POST
[2023-05-05 10:52:57,527] - logger_.py] - DEBUG: 接口请求的地址: http://192.168.122.239:7037/hc/app/noAuth/logon/doRegister
[2023-05-05 10:52:57,527] - logger_.py] - DEBUG: 接口请求的参数: "{\"phone\": \"1111599017\", \"shortNo\": \"9999\", \"password\": \"\", \"flag\": \"1\", \"countryCode\": \"52\", \"promotionChannels\": \"googlePlay\"}"
[2023-05-05 10:52:58,027] - logger_.py] - INFO: 调用-信贷注册接口报错
[2023-05-05 10:53:22,746] - logger_.py] - DEBUG: 接口请求的方式：GET
[2023-05-05 10:53:22,747] - logger_.py] - DEBUG: 接口请求的地址: http://192.168.122.239:7037/hc/app/noAuth/logon/getRegisterStatus/52/1111599017
[2023-05-05 10:53:22,747] - logger_.py] - DEBUG: 接口请求的参数: {}
[2023-05-05 10:53:22,794] - logger_.py] - INFO: 调用-信贷判断手机号是否注册接口：{'code': 0, 'msg': '成功', 'data': False, 'traceId': 'cefad26d5d624e7c852541d517b1a160.157.16832552011210091', 'paginNation': {'total': 0, 'pageNo': 0, 'pageSize': 0, 'pages': 0}, 'skyWalkingDynamicField': None, 'success': True}
[2023-05-05 10:53:22,795] - logger_.py] - DEBUG: 接口请求的方式：POST
[2023-05-05 10:53:22,795] - logger_.py] - DEBUG: 接口请求的地址: http://192.168.122.239:7037/hc/app/noAuth/logon/doRegister
[2023-05-05 10:53:22,796] - logger_.py] - DEBUG: 接口请求的参数: "{\"phone\": \"1111599017\", \"shortNo\": \"9999\", \"password\": \"\", \"flag\": \"1\", \"countryCode\": \"52\", \"promotionChannels\": \"googlePlay\"}"
[2023-05-05 10:53:23,121] - logger_.py] - INFO: 调用-信贷注册接口报错
[2023-05-05 11:01:33,745] - logger_.py] - DEBUG: 接口请求的方式：GET
[2023-05-05 11:01:33,745] - logger_.py] - DEBUG: 接口请求的地址: http://192.168.122.239:7037/hc/app/noAuth/logon/getRegisterStatus/52/1111599017
[2023-05-05 11:01:33,746] - logger_.py] - DEBUG: 接口请求的参数: {}
[2023-05-05 11:01:33,813] - logger_.py] - INFO: 调用-信贷判断手机号是否注册接口：{'code': 0, 'msg': '成功', 'data': True, 'traceId': 'cefad26d5d624e7c852541d517b1a160.158.16832556921120097', 'paginNation': {'total': 0, 'pageNo': 0, 'pageSize': 0, 'pages': 0}, 'skyWalkingDynamicField': None, 'success': True}
[2023-05-05 11:01:33,814] - logger_.py] - DEBUG: 接口请求的方式：POST
[2023-05-05 11:01:33,815] - logger_.py] - DEBUG: 接口请求的地址: http://192.168.122.239:7037/hc/app/noAuth/logon/login
[2023-05-05 11:01:33,816] - logger_.py] - DEBUG: 接口请求的参数: "{\"promotionChannels\": \"googlePlay\", \"password\": \"\", \"flag\": 1, \"phone\": \"1111599017\", \"shortNo\": \"9999\"}"
[2023-05-05 11:01:34,221] - logger_.py] - INFO: 调用-信贷登录接口：{'code': 0, 'msg': '成功', 'data': {'token': '15e7ad77915947dc341e4e7b16dbe0b8'}, 'traceId': 'cefad26d5d624e7c852541d517b1a160.155.16832556921830099', 'paginNation': {'total': 0, 'pageNo': 0, 'pageSize': 0, 'pages': 0}, 'skyWalkingDynamicField': None, 'success': True}
[2023-05-05 11:01:34,228] - logger_.py] - INFO: -----------------------用例开始得分割线-----------------------

[2023-05-05 11:01:34,229] - logger_.py] - DEBUG: 接口请求的方式：POST
[2023-05-05 11:01:34,230] - logger_.py] - DEBUG: 接口请求的地址: http://192.168.122.239:7037/hc/app/userInfo/saveDeviceInfo
[2023-05-05 11:01:34,230] - logger_.py] - DEBUG: 接口请求的参数: "{\"adbEnabled\": 1, \"androidId\": \"1293af837ebecb51\", \"availableStorage\": \"95.5420GB\", \"battery\": \"100\", \"codeName\": \"REL\", \"cpu\": \"arm64-v8a\", \"cpuCores\": \"8\", \"cpuInfo\": \" Qualcomm Technologies, Inc SDM660\", \"cpuSpeed\": \"1843200KHz\", \"currentWifi\": \"\\\"HAI-INNER\\\"\", \"detailAddress\": \"\", \"deviceLanguage\": \"zh\", \"deviceMac\": \"38:6E:A2:F0:C6:99\", \"deviceModel\": \"vivo#vivo X20A\", \"deviceSerial\": \"b605da0c\", \"deviceSoftwareVersion\": \"96\", \"deviceVersionType\": \"user\", \"displayMetrics\": \"1080,2160\", \"fingerPrint\": \"vivo/PD1709/PD1709:8.1.0/OPM1.171019.011/compil07282320:user/release-keys\", \"gaid\": \"\", \"hardware\": \"qcom\", \"imei\": \"867368038337617\", \"imsi\": \"\", \"lag\": \"\", \"lng\": \"\", \"mobileName\": \"vivo X20A\", \"model\": \"vivo#vivo X20A\", \"networkOperator\": \"\", \"networkOperatorName\": \"\", \"networkType\": \"wifi\", \"os\": \"8.1.0\", \"phoneAvailableRam\": \"1.6390GB\", \"phoneOs\": \"Android\", \"phoneTotalRam\": \"3.8951GB\", \"product\": \"PD1709\", \"radioVersion\": \"660_GEN_PACK-1.169733.1.227857.2\", \"resolution\": \"1080,2160\", \"resolutionHeight\": \"2160\", \"resolutionWidth\": \"1080\", \"rooted\": 0, \"routerMac\": \"98:f1:81:0c:cb:e2\", \"runtimeAvailableMemory\": \"0.0055GB\", \"runtimeMaxMemory\": \"0.2684GB\", \"simState\": \"0\", \"simulator\": \"0\", \"timeZone\": \"GMT+08:00\", \"totalStorage\": \"115.5784GB\", \"uuid\": \"756f517475674e616a4b4c6f616956426663527158774c6d616b73484f686300\", \"uuidOriginal\": \"[117, 111, 81, 116, 117, 103, 78, 97, 106, 75, 76, 111, 97, 105, 86, 66, 102, 99, 82, 113, 88, 119, 76, 109, 97, 107, 115, 72, 79, 104, 99, 0]\"}"
[2023-05-05 11:01:34,388] - logger_.py] - DEBUG: 接口响应结果是:{
  "code": 0,
  "msg": "\u6210\u529f",
  "data": null,
  "traceId": "cefad26d5d624e7c852541d517b1a160.154.16832556925950097",
  "paginNation": {
    "total": 0,
    "pageNo": 0,
    "pageSize": 0,
    "pages": 0
  },
  "skyWalkingDynamicField": null,
  "success": true
}
[2023-05-05 11:01:34,390] - logger_.py] - INFO: -----------------------用例结束得分割线-----------------------
[2023-05-05 11:01:34,392] - logger_.py] - INFO: -----------------------用例开始得分割线-----------------------

[2023-05-05 11:01:34,394] - logger_.py] - DEBUG: 接口请求的方式：POST
[2023-05-05 11:01:34,396] - logger_.py] - DEBUG: 接口请求的地址: http://192.168.122.239:7037/hc/app/userInfo/saveAddressBook
[2023-05-05 11:01:34,397] - logger_.py] - DEBUG: 接口请求的参数: "[{\"addressBookId\": \"19\", \"contactName\": \"amy one\", \"contactPhone\": \"09450000111\", \"lastTime\": \"1638259595590\", \"saveTime\": \"1638259595590\"}, {\"addressBookId\": \"20\", \"contactName\": \"amy two\", \"contactPhone\": \"09450000001\", \"lastTime\": \"1638259664781\", \"saveTime\": \"1638259664781\"}, {\"addressBookId\": \"21\", \"contactName\": \"amy3\", \"contactPhone\": \"09450000003\", \"lastTime\": \"1638259709390\", \"saveTime\": \"1638259709390\"}, {\"addressBookId\": \"174\", \"contactName\": \"love\", \"contactPhone\": \"639851615336\", \"lastTime\": \"1675066553839\", \"saveTime\": \"1675066553839\"}]"
[2023-05-05 11:01:34,781] - logger_.py] - DEBUG: 接口响应结果是:{
  "code": 0,
  "msg": "\u6210\u529f",
  "data": null,
  "traceId": "cefad26d5d624e7c852541d517b1a160.156.16832556927620097",
  "paginNation": {
    "total": 0,
    "pageNo": 0,
    "pageSize": 0,
    "pages": 0
  },
  "skyWalkingDynamicField": null,
  "success": true
}
[2023-05-05 11:01:34,783] - logger_.py] - INFO: -----------------------用例结束得分割线-----------------------
[2023-05-05 11:01:34,785] - logger_.py] - INFO: -----------------------用例开始得分割线-----------------------

[2023-05-05 11:01:34,786] - logger_.py] - DEBUG: 接口请求的方式：POST
[2023-05-05 11:01:34,786] - logger_.py] - DEBUG: 接口请求的地址: http://192.168.122.239:7037/hc/app/loan/queryAvailableProduct
[2023-05-05 11:01:34,787] - logger_.py] - DEBUG: 接口请求的参数: "{\"dayRate\": \"0.77\", \"expectedInstallment\": 0, \"isNew\": \"1\", \"merchantNo\": \"01\", \"orgNo\": \"MEX\", \"prductPayAmountMax\": 1300, \"prductPayAmountMin\": 300, \"productAmount\": 0, \"productFastPayTime\": \"50\", \"productIntroduce\": \"testhhh\", \"productLoanTerm\": \"1\", \"productName\": \"Pr\\u00e9stamos seguros\", \"productNo\": \"\", \"productPictureUrl\": \"/upload/image/20220803/2022080301312987180381.png\", \"productTerm\": 0, \"showPeriod\": 0, \"userExpectedAmount\": 0, \"userExpectedTerm\": 0}"
[2023-05-05 11:01:35,379] - logger_.py] - DEBUG: 接口响应结果是:{
  "code": 0,
  "msg": "\u6210\u529f",
  "data": [
    {
      "maxLoanAmount": 1000.0,
      "loanDay": 8,
      "installmentNum": 1,
      "fistInstallmentDays": 8,
      "productNo": "MEX_01_1_20220617173142"
    },
    {
      "maxLoanAmount": 1000.0,
      "loanDay": 15,
      "installmentNum": 1,
      "fistInstallmentDays": 15,
      "productNo": "MEX_01_1_20220617173155"
    },
    {
      "maxLoanAmount": 1000.0,
      "loanDay": 10,
      "installmentNum": 1,
      "fistInstallmentDays": 10,
      "productNo": "MEX_01_1_20220927173142"
    }
  ],
  "traceId": "cefad26d5d624e7c852541d517b1a160.150.16832556931510097",
  "paginNation": {
    "total": 0,
    "pageNo": 0,
    "pageSize": 0,
    "pages": 0
  },
  "skyWalkingDynamicField": null,
  "success": true
}
[2023-05-05 11:01:35,381] - logger_.py] - INFO: -----------------------用例结束得分割线-----------------------
[2023-05-05 11:01:35,382] - logger_.py] - INFO: -----------------------用例开始得分割线-----------------------

[2023-05-05 11:01:35,383] - logger_.py] - DEBUG: 接口请求的方式：POST
[2023-05-05 11:01:35,383] - logger_.py] - DEBUG: 接口请求的地址: http://192.168.122.239:7037/hc/app/market/submitOneProduct
[2023-05-05 11:01:35,384] - logger_.py] - DEBUG: 接口请求的参数: "{\"promotionChannels\": \"googlePlay\", \"firstExpectDay\": 121, \"work\": {\"income\": \"1\", \"incomeLabel\": \"1\\u4e07-1.5\\u4e07\", \"payDay\": \"5\", \"post\": \"6\", \"postLabel\": \"\\u519c\\u6c11\", \"workTime\": \"7\", \"workTimeLabel\": \"3-5\\u5e74\"}, \"sign\": {\"adbEnabled\": 1, \"androidId\": \"1293af837ebecb51\", \"availableStorage\": \"95.5419GB\", \"battery\": \"99\", \"codeName\": \"REL\", \"cpu\": \"arm64-v8a\", \"cpuCores\": \"8\", \"cpuInfo\": \" Qualcomm Technologies, Inc SDM660\", \"cpuSpeed\": \"1843200KHz\", \"currentWifi\": \"\\\"HAI-INNER\\\"\", \"detailAddress\": \"\", \"deviceLanguage\": \"zh\", \"deviceMac\": \"38:6E:A2:F0:C6:99\", \"deviceModel\": \"vivo#vivo X20A\", \"deviceSerial\": \"b605da0c\", \"deviceSoftwareVersion\": \"96\", \"deviceVersionType\": \"user\", \"displayMetrics\": \"1080,2160\", \"fingerPrint\": \"vivo/PD1709/PD1709:8.1.0/OPM1.171019.011/compil07282320:user/release-keys\", \"gaid\": \"\", \"hardware\": \"qcom\", \"imei\": \"867368038337617\", \"imsi\": \"\", \"lag\": \"\", \"lng\": \"\", \"mobileName\": \"vivo X20A\", \"model\": \"vivo#vivo X20A\", \"networkOperator\": \"\", \"networkOperatorName\": \"\", \"networkType\": \"wifi\", \"os\": \"8.1.0\", \"phoneAvailableRam\": \"1.4318GB\", \"phoneOs\": \"Android\", \"phoneTotalRam\": \"3.8951GB\", \"product\": \"PD1709\", \"radioVersion\": \"660_GEN_PACK-1.169733.1.227857.2\", \"resolution\": \"1080,2160\", \"resolutionHeight\": \"2160\", \"resolutionWidth\": \"1080\", \"rooted\": 0, \"routerMac\": \"98:f1:81:0c:cb:e2\", \"runtimeAvailableMemory\": \"0.0007GB\", \"runtimeMaxMemory\": \"0.2684GB\", \"simState\": \"0\", \"simulator\": \"0\", \"timeZone\": \"GMT+08:00\", \"totalStorage\": \"115.5784GB\", \"uuid\": \"756f517475674e616a4b4c6f616956426663527158774c6d616b73484f686300\", \"uuidOriginal\": \"[117, 111, 81, 116, 117, 103, 78, 97, 106, 75, 76, 111, 97, 105, 86, 66, 102, 99, 82, 113, 88, 119, 76, 109, 97, 107, 115, 72, 79, 104, 99, 0]\"}, \"s2sSendEventDto\": {\"appId\": \"com.loans.customer.application\", \"appsflyerId\": \"Mu9Lvw3vMLLhv3MQyRvLx4\", \"gaid\": \"\", \"uuid\": \"1679628344563-6496815496248\"}, \"usePromoCode\": 0, \"bank\": {\"attach\": [{\"channel\": \"app\", \"localPath\": \"/storage/emulated/0/Download/images/1680259237272.jpg\", \"md5\": \"00BA824D9674CCA5D857C894F1C072E3\", \"newName\": \"20230419105335145505118.jpg\", \"newPathName\": \"/upload/file/20230419/20230419105335145505118.jpg\", \"originalAttachName\": \"1680259237272.jpg\", \"originalName\": \"1680259237272.jpg\", \"path\": \"/upload/file/20230419\", \"purpose\": \"sfzzm\", \"size\": 2102647, \"uploadType\": \"file\"}, {\"channel\": \"app\", \"localPath\": \"/storage/emulated/0/Download/images/1680255435029.jpg\", \"md5\": \"16CA87A606214A894BD29E2468EA59E5\", \"newName\": \"20230419105412145658541.jpg\", \"newPathName\": \"/upload/file/20230419/20230419105412145658541.jpg\", \"originalAttachName\": \"1680255435029.jpg\", \"originalName\": \"1680255435029.jpg\", \"path\": \"/upload/file/20230419\", \"purpose\": \"scsfz\", \"size\": 2322111, \"uploadType\": \"file\"}], \"idCard\": \"0484644848\", \"idCardRegex\": \"^\\\\d{10}$\", \"idCardType\": \"5\", \"idCardTypeLabel\": \"SSS ID\", \"placeholder\": \"0123456789\", \"prefix\": \"\"}, \"firstExpectAmount\": 3300, \"orgNo\": \"CG\", \"appList\": [{\"appName\": \"\\u751f\\u6d3b\\u94b1\\u5305\", \"appVersion\": \"1.0.0\", \"firstInstallTime\": \"2022-04-18 19:01:13\", \"lastUpdateTime\": \"2022-04-18 19:47:43\", \"packageName\": \"com.life.wallet\"}, {\"appName\": \"\\u6743\\u9650\\u7ba1\\u7406\", \"appVersion\": \"4.5.5.1\", \"firstInstallTime\": \"2009-01-01 00:00:00\", \"lastUpdateTime\": \"2009-01-01 00:00:00\", \"packageName\": \"com.vivo.permissionmanager\"}, {\"appName\": \"\\u5feb\\u5e94\\u7528\", \"appVersion\": \"1.10.2.202\", \"firstInstallTime\": \"2009-01-01 00:00:00\", \"lastUpdateTime\": \"2022-12-12 02:26:57\", \"packageName\": \"com.vivo.hybrid\"}, {\"appName\": \"vivo\\u684c\\u9762\", \"appVersion\": \"5.0.6.9\", \"firstInstallTime\": \"2009-01-01 00:00:00\", \"lastUpdateTime\": \"2022-10-14 04:01:15\", \"packageName\": \"com.bbk.launcher2\"}, {\"appName\": \"\\u7535\\u8bdd\", \"appVersion\": \"4.0\", \"firstInstallTime\": \"2009-01-01 00:00:00\", \"lastUpdateTime\": \"2009-01-01 00:00:00\", \"packageName\": \"com.android.dialer\"}, {\"appName\": \"QQ\", \"appVersion\": \"8.9.25\", \"firstInstallTime\": \"1974-01-24 01:52:58\", \"lastUpdateTime\": \"2023-01-04 11:42:13\", \"packageName\": \"com.tencent.mobileqq\"}, {\"appName\": \"\\u8f6f\\u4ef6\\u5305\\u5b89\\u88c5\\u7a0b\\u5e8f\", \"appVersion\": \"12.3.2.0.4\", \"firstInstallTime\": \"2009-01-01 00:00:00\", \"lastUpdateTime\": \"2022-11-16 03:53:02\", \"packageName\": \"com.android.packageinstaller\"}, {\"appName\": \"\\u9605\\u56fe\\u9501\\u5c4f\\u670d\\u52a1\", \"appVersion\": \"4.3.1.2\", \"firstInstallTime\": \"2009-01-01 00:00:00\", \"lastUpdateTime\": \"2009-01-01 00:00:00\", \"packageName\": \"com.vivo.magazine\"}, {\"appName\": \"\\u5168\\u5c40\\u5185\\u5bb9\\u8bc6\\u522b\", \"appVersion\": \"8.6.0.4\", \"firstInstallTime\": \"2009-01-01 00:00:00\", \"lastUpdateTime\": \"2022-12-12 18:28:35\", \"packageName\": \"com.vivo.contentcatcher\"}, {\"appName\": \"\\u7cfb\\u7edf\\u754c\\u9762\", \"appVersion\": \"4.0\", \"firstInstallTime\": \"2009-01-01 00:00:00\", \"lastUpdateTime\": \"2009-01-01 00:00:00\", \"packageName\": \"com.android.systemui\"}, {\"appName\": \"\\u8d85\\u7ea7\\u7701\\u7535\", \"appVersion\": \"4.0.6\", \"firstInstallTime\": \"2009-01-01 00:00:00\", \"lastUpdateTime\": \"2009-01-01 00:00:00\", \"packageName\": \"com.bbk.SuperPowerSave\"}, {\"appName\": \"\\u6d4f\\u89c8\\u5668\", \"appVersion\": \"12.9.0.0\", \"firstInstallTime\": \"2009-01-01 00:00:00\", \"lastUpdateTime\": \"2022-12-13 06:09:05\", \"packageName\": \"com.vivo.browser\"}, {\"appName\": \"\\u6dd8\\u5b9d\", \"appVersion\": \"10.18.10\", \"firstInstallTime\": \"1974-01-24 01:52:58\", \"lastUpdateTime\": \"2022-11-29 09:36:59\", \"packageName\": \"com.taobao.taobao\"}], \"applyLoanAmount\": 3300, \"configPayout\": true, \"adjustDto\": {\"appToken\": \"ifuidhmsevb4\"}, \"customerSource\": \"com.loans.customer.application\", \"newOrder\": \"1\", \"payoutPaymentConfig\": {\"bankConfig\": {\"bankCard\": \"\", \"bankType\": {\"label\": \"\", \"value\": \"\"}, \"name\": \"\"}, \"ewalletConfig\": {\"accountHolder\": \"dbhd,dbbd\", \"accountNo\": \"09234191046\"}, \"paymentChildKey\": {\"label\": \"GCash\", \"value\": \"gcash\"}, \"paymentTypeKey\": {\"label\": \"E-wallect\", \"value\": \"ewallet\"}, \"payoutChannel\": \"xendit\", \"storeConfig\": {\"mobileNumber\": \"\", \"name\": \"\"}}, \"productNo\": \"CG_25_1_0_202301091038590231\", \"base\": {\"birthday\": \"1991-04-10\", \"childLabel\": \"3\", \"childNum\": \"3\", \"education\": \"3\", \"educationLabel\": \"\\u9ad8\\u4e2d\", \"email\": \"q@qq.com\", \"facebook\": \"facebook\", \"familyName\": \"dbhd\", \"givenName\": \"dbbd\", \"instancyContacts\": [{\"contactName\": \"amy one\", \"contactPhone\": \"09450000111\", \"contactRealName\": \"amy one\", \"contactRelation\": \"0\", \"contactRelationLabel\": \"\\u914d\\u5076\", \"sort\": 0}, {\"contactName\": \"amy two\", \"contactPhone\": \"09450000001\", \"contactRealName\": \"amy two\", \"contactRelation\": \"1\", \"contactRelationLabel\": \"\\u5144\\u5f1f\\u59d0\\u59b9\", \"sort\": 0}, {\"contactName\": \"amy3\", \"contactPhone\": \"09450000003\", \"contactRealName\": \"amy3\", \"contactRelation\": \"2\", \"contactRelationLabel\": \"\\u7236\\u6bcd\", \"sort\": 0}], \"maritalStatus\": \"2\", \"maritalStatusLabel\": \"\\u5df2\\u5a5a\", \"middleName\": \"\", \"placeAddress\": \"zbvdd\", \"placeAddressLabel\": \"CAGAYAN ABULUG Calog Sur\", \"placeCity\": \"0006\", \"placeCounty\": \"0006342\", \"placeDistrict\": \"000634203301\", \"placeTime\": \"8\", \"placeTimeLabel\": \"5-10\\u5e74\", \"propertyInfo\": \"4\", \"propertyInfoLabel\": \"\\u6709\\u8f66\\u6709\\u623f\", \"sex\": \"2\", \"sysPlaceAddress\": \"CAGAYAN ABULUG Calog Sur zbvdd\", \"uname\": \"dbhd,dbbd\"}, \"merchantNo\": \"25\"}"
[2023-05-05 11:01:35,766] - logger_.py] - DEBUG: 接口响应结果是:{
  "code": -4,
  "msg": "\u8bf7\u7a0d\u540e\u518d\u8bd5",
  "data": null,
  "traceId": "cefad26d5d624e7c852541d517b1a160.151.16832556937490097",
  "paginNation": {
    "total": 0,
    "pageNo": 0,
    "pageSize": 0,
    "pages": 0
  },
  "skyWalkingDynamicField": null,
  "success": false
}
[2023-05-05 11:01:35,856] - logger_.py] - INFO: -----------------------用例结束得分割线-----------------------
[2023-05-05 11:04:09,030] - logger_.py] - DEBUG: 接口请求的方式：GET
[2023-05-05 11:04:09,030] - logger_.py] - DEBUG: 接口请求的地址: http://192.168.122.239:7037/hc/app/noAuth/logon/getRegisterStatus/52/1111599017
[2023-05-05 11:04:09,031] - logger_.py] - DEBUG: 接口请求的参数: {}
[2023-05-05 11:04:09,088] - logger_.py] - INFO: 调用-信贷判断手机号是否注册接口：{'code': 0, 'msg': '成功', 'data': True, 'traceId': 'cefad26d5d624e7c852541d517b1a160.152.16832558473950097', 'paginNation': {'total': 0, 'pageNo': 0, 'pageSize': 0, 'pages': 0}, 'skyWalkingDynamicField': None, 'success': True}
[2023-05-05 11:04:09,091] - logger_.py] - DEBUG: 接口请求的方式：POST
[2023-05-05 11:04:09,092] - logger_.py] - DEBUG: 接口请求的地址: http://192.168.122.239:7037/hc/app/noAuth/logon/login
[2023-05-05 11:04:09,092] - logger_.py] - DEBUG: 接口请求的参数: "{\"promotionChannels\": \"googlePlay\", \"password\": \"\", \"flag\": 1, \"phone\": \"1111599017\", \"shortNo\": \"9999\"}"
[2023-05-05 11:04:09,475] - logger_.py] - INFO: 调用-信贷登录接口：{'code': 0, 'msg': '成功', 'data': {'token': '647bb9f37d0adebc888d322d5b186aee'}, 'traceId': 'cefad26d5d624e7c852541d517b1a160.157.16832558474550093', 'paginNation': {'total': 0, 'pageNo': 0, 'pageSize': 0, 'pages': 0}, 'skyWalkingDynamicField': None, 'success': True}
[2023-05-05 11:04:09,481] - logger_.py] - INFO: -----------------------用例开始得分割线-----------------------

[2023-05-05 11:04:09,482] - logger_.py] - DEBUG: 接口请求的方式：POST
[2023-05-05 11:04:09,483] - logger_.py] - DEBUG: 接口请求的地址: http://192.168.122.239:7037/hc/app/userInfo/saveDeviceInfo
[2023-05-05 11:04:09,483] - logger_.py] - DEBUG: 接口请求的参数: "{\"adbEnabled\": 1, \"androidId\": \"1293af837ebecb51\", \"availableStorage\": \"95.5420GB\", \"battery\": \"100\", \"codeName\": \"REL\", \"cpu\": \"arm64-v8a\", \"cpuCores\": \"8\", \"cpuInfo\": \" Qualcomm Technologies, Inc SDM660\", \"cpuSpeed\": \"1843200KHz\", \"currentWifi\": \"\\\"HAI-INNER\\\"\", \"detailAddress\": \"\", \"deviceLanguage\": \"zh\", \"deviceMac\": \"38:6E:A2:F0:C6:99\", \"deviceModel\": \"vivo#vivo X20A\", \"deviceSerial\": \"b605da0c\", \"deviceSoftwareVersion\": \"96\", \"deviceVersionType\": \"user\", \"displayMetrics\": \"1080,2160\", \"fingerPrint\": \"vivo/PD1709/PD1709:8.1.0/OPM1.171019.011/compil07282320:user/release-keys\", \"gaid\": \"\", \"hardware\": \"qcom\", \"imei\": \"867368038337617\", \"imsi\": \"\", \"lag\": \"\", \"lng\": \"\", \"mobileName\": \"vivo X20A\", \"model\": \"vivo#vivo X20A\", \"networkOperator\": \"\", \"networkOperatorName\": \"\", \"networkType\": \"wifi\", \"os\": \"8.1.0\", \"phoneAvailableRam\": \"1.6390GB\", \"phoneOs\": \"Android\", \"phoneTotalRam\": \"3.8951GB\", \"product\": \"PD1709\", \"radioVersion\": \"660_GEN_PACK-1.169733.1.227857.2\", \"resolution\": \"1080,2160\", \"resolutionHeight\": \"2160\", \"resolutionWidth\": \"1080\", \"rooted\": 0, \"routerMac\": \"98:f1:81:0c:cb:e2\", \"runtimeAvailableMemory\": \"0.0055GB\", \"runtimeMaxMemory\": \"0.2684GB\", \"simState\": \"0\", \"simulator\": \"0\", \"timeZone\": \"GMT+08:00\", \"totalStorage\": \"115.5784GB\", \"uuid\": \"756f517475674e616a4b4c6f616956426663527158774c6d616b73484f686300\", \"uuidOriginal\": \"[117, 111, 81, 116, 117, 103, 78, 97, 106, 75, 76, 111, 97, 105, 86, 66, 102, 99, 82, 113, 88, 119, 76, 109, 97, 107, 115, 72, 79, 104, 99, 0]\"}"
[2023-05-05 11:04:09,646] - logger_.py] - DEBUG: 接口响应结果是:{
  "code": 0,
  "msg": "\u6210\u529f",
  "data": null,
  "traceId": "cefad26d5d624e7c852541d517b1a160.153.16832558478460099",
  "paginNation": {
    "total": 0,
    "pageNo": 0,
    "pageSize": 0,
    "pages": 0
  },
  "skyWalkingDynamicField": null,
  "success": true
}
[2023-05-05 11:04:09,647] - logger_.py] - INFO: -----------------------用例结束得分割线-----------------------
[2023-05-05 11:04:09,649] - logger_.py] - INFO: -----------------------用例开始得分割线-----------------------

[2023-05-05 11:04:09,657] - logger_.py] - DEBUG: 接口请求的方式：POST
[2023-05-05 11:04:09,658] - logger_.py] - DEBUG: 接口请求的地址: http://192.168.122.239:7037/hc/app/userInfo/saveAddressBook
[2023-05-05 11:04:09,658] - logger_.py] - DEBUG: 接口请求的参数: "[{\"addressBookId\": \"19\", \"contactName\": \"amy one\", \"contactPhone\": \"09450000111\", \"lastTime\": \"1638259595590\", \"saveTime\": \"1638259595590\"}, {\"addressBookId\": \"20\", \"contactName\": \"amy two\", \"contactPhone\": \"09450000001\", \"lastTime\": \"1638259664781\", \"saveTime\": \"1638259664781\"}, {\"addressBookId\": \"21\", \"contactName\": \"amy3\", \"contactPhone\": \"09450000003\", \"lastTime\": \"1638259709390\", \"saveTime\": \"1638259709390\"}, {\"addressBookId\": \"174\", \"contactName\": \"love\", \"contactPhone\": \"639851615336\", \"lastTime\": \"1675066553839\", \"saveTime\": \"1675066553839\"}]"
[2023-05-05 11:04:10,051] - logger_.py] - DEBUG: 接口响应结果是:{
  "code": 0,
  "msg": "\u6210\u529f",
  "data": null,
  "traceId": "cefad26d5d624e7c852541d517b1a160.159.16832558480210097",
  "paginNation": {
    "total": 0,
    "pageNo": 0,
    "pageSize": 0,
    "pages": 0
  },
  "skyWalkingDynamicField": null,
  "success": true
}
[2023-05-05 11:04:10,055] - logger_.py] - INFO: -----------------------用例结束得分割线-----------------------
[2023-05-05 11:04:10,059] - logger_.py] - INFO: -----------------------用例开始得分割线-----------------------

[2023-05-05 11:04:10,062] - logger_.py] - DEBUG: 接口请求的方式：POST
[2023-05-05 11:04:10,063] - logger_.py] - DEBUG: 接口请求的地址: http://192.168.122.239:7037/hc/app/loan/queryAvailableProduct
[2023-05-05 11:04:10,064] - logger_.py] - DEBUG: 接口请求的参数: "{\"dayRate\": \"0.77\", \"expectedInstallment\": 0, \"isNew\": \"1\", \"merchantNo\": \"01\", \"orgNo\": \"MEX\", \"prductPayAmountMax\": 1300, \"prductPayAmountMin\": 300, \"productAmount\": 0, \"productFastPayTime\": \"50\", \"productIntroduce\": \"testhhh\", \"productLoanTerm\": \"1\", \"productName\": \"Pr\\u00e9stamos seguros\", \"productNo\": \"\", \"productPictureUrl\": \"/upload/image/20220803/2022080301312987180381.png\", \"productTerm\": 0, \"showPeriod\": 0, \"userExpectedAmount\": 0, \"userExpectedTerm\": 0}"
[2023-05-05 11:04:10,663] - logger_.py] - DEBUG: 接口响应结果是:{
  "code": 0,
  "msg": "\u6210\u529f",
  "data": [
    {
      "maxLoanAmount": 1000.0,
      "loanDay": 8,
      "installmentNum": 1,
      "fistInstallmentDays": 8,
      "productNo": "MEX_01_1_20220617173142"
    },
    {
      "maxLoanAmount": 1000.0,
      "loanDay": 15,
      "installmentNum": 1,
      "fistInstallmentDays": 15,
      "productNo": "MEX_01_1_20220617173155"
    },
    {
      "maxLoanAmount": 1000.0,
      "loanDay": 10,
      "installmentNum": 1,
      "fistInstallmentDays": 10,
      "productNo": "MEX_01_1_20220927173142"
    }
  ],
  "traceId": "cefad26d5d624e7c852541d517b1a160.158.16832558484300099",
  "paginNation": {
    "total": 0,
    "pageNo": 0,
    "pageSize": 0,
    "pages": 0
  },
  "skyWalkingDynamicField": null,
  "success": true
}
[2023-05-05 11:04:10,665] - logger_.py] - INFO: -----------------------用例结束得分割线-----------------------
[2023-05-05 11:04:10,668] - logger_.py] - INFO: -----------------------用例开始得分割线-----------------------

[2023-05-05 11:04:10,669] - logger_.py] - DEBUG: 接口请求的方式：POST
[2023-05-05 11:04:10,670] - logger_.py] - DEBUG: 接口请求的地址: http://192.168.122.239:7037/hc/app/market/submitOneProduct
[2023-05-05 11:04:10,671] - logger_.py] - DEBUG: 接口请求的参数: "{\"promotionChannels\": \"googlePlay\", \"firstExpectDay\": 121, \"work\": {\"income\": \"1\", \"incomeLabel\": \"1\\u4e07-1.5\\u4e07\", \"payDay\": \"5\", \"post\": \"6\", \"postLabel\": \"\\u519c\\u6c11\", \"workTime\": \"7\", \"workTimeLabel\": \"3-5\\u5e74\"}, \"sign\": {\"adbEnabled\": 1, \"androidId\": \"1293af837ebecb51\", \"availableStorage\": \"95.5419GB\", \"battery\": \"99\", \"codeName\": \"REL\", \"cpu\": \"arm64-v8a\", \"cpuCores\": \"8\", \"cpuInfo\": \" Qualcomm Technologies, Inc SDM660\", \"cpuSpeed\": \"1843200KHz\", \"currentWifi\": \"\\\"HAI-INNER\\\"\", \"detailAddress\": \"\", \"deviceLanguage\": \"zh\", \"deviceMac\": \"38:6E:A2:F0:C6:99\", \"deviceModel\": \"vivo#vivo X20A\", \"deviceSerial\": \"b605da0c\", \"deviceSoftwareVersion\": \"96\", \"deviceVersionType\": \"user\", \"displayMetrics\": \"1080,2160\", \"fingerPrint\": \"vivo/PD1709/PD1709:8.1.0/OPM1.171019.011/compil07282320:user/release-keys\", \"gaid\": \"\", \"hardware\": \"qcom\", \"imei\": \"867368038337617\", \"imsi\": \"\", \"lag\": \"\", \"lng\": \"\", \"mobileName\": \"vivo X20A\", \"model\": \"vivo#vivo X20A\", \"networkOperator\": \"\", \"networkOperatorName\": \"\", \"networkType\": \"wifi\", \"os\": \"8.1.0\", \"phoneAvailableRam\": \"1.4318GB\", \"phoneOs\": \"Android\", \"phoneTotalRam\": \"3.8951GB\", \"product\": \"PD1709\", \"radioVersion\": \"660_GEN_PACK-1.169733.1.227857.2\", \"resolution\": \"1080,2160\", \"resolutionHeight\": \"2160\", \"resolutionWidth\": \"1080\", \"rooted\": 0, \"routerMac\": \"98:f1:81:0c:cb:e2\", \"runtimeAvailableMemory\": \"0.0007GB\", \"runtimeMaxMemory\": \"0.2684GB\", \"simState\": \"0\", \"simulator\": \"0\", \"timeZone\": \"GMT+08:00\", \"totalStorage\": \"115.5784GB\", \"uuid\": \"756f517475674e616a4b4c6f616956426663527158774c6d616b73484f686300\", \"uuidOriginal\": \"[117, 111, 81, 116, 117, 103, 78, 97, 106, 75, 76, 111, 97, 105, 86, 66, 102, 99, 82, 113, 88, 119, 76, 109, 97, 107, 115, 72, 79, 104, 99, 0]\"}, \"s2sSendEventDto\": {\"appId\": \"com.loans.customer.application\", \"appsflyerId\": \"Mu9Lvw3vMLLhv3MQyRvLx4\", \"gaid\": \"\", \"uuid\": \"1679628344563-6496815496248\"}, \"usePromoCode\": 0, \"bank\": {\"attach\": [{\"channel\": \"app\", \"localPath\": \"/storage/emulated/0/Download/images/1680259237272.jpg\", \"md5\": \"00BA824D9674CCA5D857C894F1C072E3\", \"newName\": \"20230419105335145505118.jpg\", \"newPathName\": \"/upload/file/20230419/20230419105335145505118.jpg\", \"originalAttachName\": \"1680259237272.jpg\", \"originalName\": \"1680259237272.jpg\", \"path\": \"/upload/file/20230419\", \"purpose\": \"sfzzm\", \"size\": 2102647, \"uploadType\": \"file\"}, {\"channel\": \"app\", \"localPath\": \"/storage/emulated/0/Download/images/1680255435029.jpg\", \"md5\": \"16CA87A606214A894BD29E2468EA59E5\", \"newName\": \"20230419105412145658541.jpg\", \"newPathName\": \"/upload/file/20230419/20230419105412145658541.jpg\", \"originalAttachName\": \"1680255435029.jpg\", \"originalName\": \"1680255435029.jpg\", \"path\": \"/upload/file/20230419\", \"purpose\": \"scsfz\", \"size\": 2322111, \"uploadType\": \"file\"}], \"idCard\": \"0484644848\", \"idCardRegex\": \"^\\\\d{10}$\", \"idCardType\": \"5\", \"idCardTypeLabel\": \"SSS ID\", \"placeholder\": \"0123456789\", \"prefix\": \"\"}, \"firstExpectAmount\": 3300, \"orgNo\": \"CG\", \"appList\": [{\"appName\": \"\\u751f\\u6d3b\\u94b1\\u5305\", \"appVersion\": \"1.0.0\", \"firstInstallTime\": \"2022-04-18 19:01:13\", \"lastUpdateTime\": \"2022-04-18 19:47:43\", \"packageName\": \"com.life.wallet\"}, {\"appName\": \"\\u6743\\u9650\\u7ba1\\u7406\", \"appVersion\": \"4.5.5.1\", \"firstInstallTime\": \"2009-01-01 00:00:00\", \"lastUpdateTime\": \"2009-01-01 00:00:00\", \"packageName\": \"com.vivo.permissionmanager\"}, {\"appName\": \"\\u5feb\\u5e94\\u7528\", \"appVersion\": \"1.10.2.202\", \"firstInstallTime\": \"2009-01-01 00:00:00\", \"lastUpdateTime\": \"2022-12-12 02:26:57\", \"packageName\": \"com.vivo.hybrid\"}, {\"appName\": \"vivo\\u684c\\u9762\", \"appVersion\": \"5.0.6.9\", \"firstInstallTime\": \"2009-01-01 00:00:00\", \"lastUpdateTime\": \"2022-10-14 04:01:15\", \"packageName\": \"com.bbk.launcher2\"}, {\"appName\": \"\\u7535\\u8bdd\", \"appVersion\": \"4.0\", \"firstInstallTime\": \"2009-01-01 00:00:00\", \"lastUpdateTime\": \"2009-01-01 00:00:00\", \"packageName\": \"com.android.dialer\"}, {\"appName\": \"QQ\", \"appVersion\": \"8.9.25\", \"firstInstallTime\": \"1974-01-24 01:52:58\", \"lastUpdateTime\": \"2023-01-04 11:42:13\", \"packageName\": \"com.tencent.mobileqq\"}, {\"appName\": \"\\u8f6f\\u4ef6\\u5305\\u5b89\\u88c5\\u7a0b\\u5e8f\", \"appVersion\": \"12.3.2.0.4\", \"firstInstallTime\": \"2009-01-01 00:00:00\", \"lastUpdateTime\": \"2022-11-16 03:53:02\", \"packageName\": \"com.android.packageinstaller\"}, {\"appName\": \"\\u9605\\u56fe\\u9501\\u5c4f\\u670d\\u52a1\", \"appVersion\": \"4.3.1.2\", \"firstInstallTime\": \"2009-01-01 00:00:00\", \"lastUpdateTime\": \"2009-01-01 00:00:00\", \"packageName\": \"com.vivo.magazine\"}, {\"appName\": \"\\u5168\\u5c40\\u5185\\u5bb9\\u8bc6\\u522b\", \"appVersion\": \"8.6.0.4\", \"firstInstallTime\": \"2009-01-01 00:00:00\", \"lastUpdateTime\": \"2022-12-12 18:28:35\", \"packageName\": \"com.vivo.contentcatcher\"}, {\"appName\": \"\\u7cfb\\u7edf\\u754c\\u9762\", \"appVersion\": \"4.0\", \"firstInstallTime\": \"2009-01-01 00:00:00\", \"lastUpdateTime\": \"2009-01-01 00:00:00\", \"packageName\": \"com.android.systemui\"}, {\"appName\": \"\\u8d85\\u7ea7\\u7701\\u7535\", \"appVersion\": \"4.0.6\", \"firstInstallTime\": \"2009-01-01 00:00:00\", \"lastUpdateTime\": \"2009-01-01 00:00:00\", \"packageName\": \"com.bbk.SuperPowerSave\"}, {\"appName\": \"\\u6d4f\\u89c8\\u5668\", \"appVersion\": \"12.9.0.0\", \"firstInstallTime\": \"2009-01-01 00:00:00\", \"lastUpdateTime\": \"2022-12-13 06:09:05\", \"packageName\": \"com.vivo.browser\"}, {\"appName\": \"\\u6dd8\\u5b9d\", \"appVersion\": \"10.18.10\", \"firstInstallTime\": \"1974-01-24 01:52:58\", \"lastUpdateTime\": \"2022-11-29 09:36:59\", \"packageName\": \"com.taobao.taobao\"}], \"applyLoanAmount\": 3300, \"configPayout\": true, \"adjustDto\": {\"appToken\": \"ifuidhmsevb4\"}, \"customerSource\": \"com.loans.customer.application\", \"newOrder\": \"1\", \"payoutPaymentConfig\": {\"bankConfig\": {\"bankCard\": \"\", \"bankType\": {\"label\": \"\", \"value\": \"\"}, \"name\": \"\"}, \"ewalletConfig\": {\"accountHolder\": \"dbhd,dbbd\", \"accountNo\": \"09234191046\"}, \"paymentChildKey\": {\"label\": \"GCash\", \"value\": \"gcash\"}, \"paymentTypeKey\": {\"label\": \"E-wallect\", \"value\": \"ewallet\"}, \"payoutChannel\": \"xendit\", \"storeConfig\": {\"mobileNumber\": \"\", \"name\": \"\"}}, \"productNo\": \"CG_25_1_0_202301091038590231\", \"base\": {\"birthday\": \"1991-04-10\", \"childLabel\": \"3\", \"childNum\": \"3\", \"education\": \"3\", \"educationLabel\": \"\\u9ad8\\u4e2d\", \"email\": \"q@qq.com\", \"facebook\": \"facebook\", \"familyName\": \"dbhd\", \"givenName\": \"dbbd\", \"instancyContacts\": [{\"contactName\": \"amy one\", \"contactPhone\": \"09450000111\", \"contactRealName\": \"amy one\", \"contactRelation\": \"0\", \"contactRelationLabel\": \"\\u914d\\u5076\", \"sort\": 0}, {\"contactName\": \"amy two\", \"contactPhone\": \"09450000001\", \"contactRealName\": \"amy two\", \"contactRelation\": \"1\", \"contactRelationLabel\": \"\\u5144\\u5f1f\\u59d0\\u59b9\", \"sort\": 0}, {\"contactName\": \"amy3\", \"contactPhone\": \"09450000003\", \"contactRealName\": \"amy3\", \"contactRelation\": \"2\", \"contactRelationLabel\": \"\\u7236\\u6bcd\", \"sort\": 0}], \"maritalStatus\": \"2\", \"maritalStatusLabel\": \"\\u5df2\\u5a5a\", \"middleName\": \"\", \"placeAddress\": \"zbvdd\", \"placeAddressLabel\": \"CAGAYAN ABULUG Calog Sur\", \"placeCity\": \"0006\", \"placeCounty\": \"0006342\", \"placeDistrict\": \"000634203301\", \"placeTime\": \"8\", \"placeTimeLabel\": \"5-10\\u5e74\", \"propertyInfo\": \"4\", \"propertyInfoLabel\": \"\\u6709\\u8f66\\u6709\\u623f\", \"sex\": \"2\", \"sysPlaceAddress\": \"CAGAYAN ABULUG Calog Sur zbvdd\", \"uname\": \"dbhd,dbbd\"}, \"merchantNo\": \"25\"}"
[2023-05-05 11:04:11,035] - logger_.py] - DEBUG: 接口响应结果是:{
  "code": -4,
  "msg": "\u8bf7\u7a0d\u540e\u518d\u8bd5",
  "data": null,
  "traceId": "cefad26d5d624e7c852541d517b1a160.155.16832558490360101",
  "paginNation": {
    "total": 0,
    "pageNo": 0,
    "pageSize": 0,
    "pages": 0
  },
  "skyWalkingDynamicField": null,
  "success": false
}
[2023-05-05 11:04:11,119] - logger_.py] - INFO: -----------------------用例结束得分割线-----------------------
[2023-05-05 11:05:42,411] - logger_.py] - DEBUG: 接口请求的方式：GET
[2023-05-05 11:05:42,411] - logger_.py] - DEBUG: 接口请求的地址: http://192.168.122.239:7037/hc/app/noAuth/logon/getRegisterStatus/52/1111599017
[2023-05-05 11:05:42,412] - logger_.py] - DEBUG: 接口请求的参数: {}
[2023-05-05 11:05:42,466] - logger_.py] - INFO: 调用-信贷判断手机号是否注册接口：{'code': 0, 'msg': '成功', 'data': True, 'traceId': 'cefad26d5d624e7c852541d517b1a160.154.16832559407730099', 'paginNation': {'total': 0, 'pageNo': 0, 'pageSize': 0, 'pages': 0}, 'skyWalkingDynamicField': None, 'success': True}
[2023-05-05 11:05:42,466] - logger_.py] - DEBUG: 接口请求的方式：POST
[2023-05-05 11:05:42,467] - logger_.py] - DEBUG: 接口请求的地址: http://192.168.122.239:7037/hc/app/noAuth/logon/login
[2023-05-05 11:05:42,467] - logger_.py] - DEBUG: 接口请求的参数: "{\"promotionChannels\": \"googlePlay\", \"password\": \"\", \"flag\": 1, \"phone\": \"1111599017\", \"shortNo\": \"9999\"}"
[2023-05-05 11:05:42,821] - logger_.py] - INFO: 调用-信贷登录接口：{'code': 0, 'msg': '成功', 'data': {'token': 'c34e883568aad6da5bc8e75da230e64e'}, 'traceId': 'cefad26d5d624e7c852541d517b1a160.156.16832559408300099', 'paginNation': {'total': 0, 'pageNo': 0, 'pageSize': 0, 'pages': 0}, 'skyWalkingDynamicField': None, 'success': True}
[2023-05-05 11:05:42,829] - logger_.py] - INFO: -----------------------用例开始得分割线-----------------------

[2023-05-05 11:05:42,829] - logger_.py] - DEBUG: 接口请求的方式：POST
[2023-05-05 11:05:42,830] - logger_.py] - DEBUG: 接口请求的地址: http://192.168.122.239:7037/hc/app/userInfo/saveDeviceInfo
[2023-05-05 11:05:42,830] - logger_.py] - DEBUG: 接口请求的参数: "{\"adbEnabled\": 1, \"androidId\": \"1293af837ebecb51\", \"availableStorage\": \"95.5420GB\", \"battery\": \"100\", \"codeName\": \"REL\", \"cpu\": \"arm64-v8a\", \"cpuCores\": \"8\", \"cpuInfo\": \" Qualcomm Technologies, Inc SDM660\", \"cpuSpeed\": \"1843200KHz\", \"currentWifi\": \"\\\"HAI-INNER\\\"\", \"detailAddress\": \"\", \"deviceLanguage\": \"zh\", \"deviceMac\": \"38:6E:A2:F0:C6:99\", \"deviceModel\": \"vivo#vivo X20A\", \"deviceSerial\": \"b605da0c\", \"deviceSoftwareVersion\": \"96\", \"deviceVersionType\": \"user\", \"displayMetrics\": \"1080,2160\", \"fingerPrint\": \"vivo/PD1709/PD1709:8.1.0/OPM1.171019.011/compil07282320:user/release-keys\", \"gaid\": \"\", \"hardware\": \"qcom\", \"imei\": \"867368038337617\", \"imsi\": \"\", \"lag\": \"\", \"lng\": \"\", \"mobileName\": \"vivo X20A\", \"model\": \"vivo#vivo X20A\", \"networkOperator\": \"\", \"networkOperatorName\": \"\", \"networkType\": \"wifi\", \"os\": \"8.1.0\", \"phoneAvailableRam\": \"1.6390GB\", \"phoneOs\": \"Android\", \"phoneTotalRam\": \"3.8951GB\", \"product\": \"PD1709\", \"radioVersion\": \"660_GEN_PACK-1.169733.1.227857.2\", \"resolution\": \"1080,2160\", \"resolutionHeight\": \"2160\", \"resolutionWidth\": \"1080\", \"rooted\": 0, \"routerMac\": \"98:f1:81:0c:cb:e2\", \"runtimeAvailableMemory\": \"0.0055GB\", \"runtimeMaxMemory\": \"0.2684GB\", \"simState\": \"0\", \"simulator\": \"0\", \"timeZone\": \"GMT+08:00\", \"totalStorage\": \"115.5784GB\", \"uuid\": \"756f517475674e616a4b4c6f616956426663527158774c6d616b73484f686300\", \"uuidOriginal\": \"[117, 111, 81, 116, 117, 103, 78, 97, 106, 75, 76, 111, 97, 105, 86, 66, 102, 99, 82, 113, 88, 119, 76, 109, 97, 107, 115, 72, 79, 104, 99, 0]\"}"
[2023-05-05 11:05:42,980] - logger_.py] - DEBUG: 接口响应结果是:{
  "code": 0,
  "msg": "\u6210\u529f",
  "data": null,
  "traceId": "cefad26d5d624e7c852541d517b1a160.150.16832559411920099",
  "paginNation": {
    "total": 0,
    "pageNo": 0,
    "pageSize": 0,
    "pages": 0
  },
  "skyWalkingDynamicField": null,
  "success": true
}
[2023-05-05 11:05:42,982] - logger_.py] - INFO: -----------------------用例结束得分割线-----------------------
[2023-05-05 11:05:42,984] - logger_.py] - INFO: -----------------------用例开始得分割线-----------------------

[2023-05-05 11:05:42,985] - logger_.py] - DEBUG: 接口请求的方式：POST
[2023-05-05 11:05:42,986] - logger_.py] - DEBUG: 接口请求的地址: http://192.168.122.239:7037/hc/app/userInfo/saveAddressBook
[2023-05-05 11:05:42,987] - logger_.py] - DEBUG: 接口请求的参数: "[{\"addressBookId\": \"19\", \"contactName\": \"amy one\", \"contactPhone\": \"09450000111\", \"lastTime\": \"1638259595590\", \"saveTime\": \"1638259595590\"}, {\"addressBookId\": \"20\", \"contactName\": \"amy two\", \"contactPhone\": \"09450000001\", \"lastTime\": \"1638259664781\", \"saveTime\": \"1638259664781\"}, {\"addressBookId\": \"21\", \"contactName\": \"amy3\", \"contactPhone\": \"09450000003\", \"lastTime\": \"1638259709390\", \"saveTime\": \"1638259709390\"}, {\"addressBookId\": \"174\", \"contactName\": \"love\", \"contactPhone\": \"639851615336\", \"lastTime\": \"1675066553839\", \"saveTime\": \"1675066553839\"}]"
[2023-05-05 11:05:43,359] - logger_.py] - DEBUG: 接口响应结果是:{
  "code": 0,
  "msg": "\u6210\u529f",
  "data": null,
  "traceId": "cefad26d5d624e7c852541d517b1a160.151.16832559413510099",
  "paginNation": {
    "total": 0,
    "pageNo": 0,
    "pageSize": 0,
    "pages": 0
  },
  "skyWalkingDynamicField": null,
  "success": true
}
[2023-05-05 11:05:43,361] - logger_.py] - INFO: -----------------------用例结束得分割线-----------------------
[2023-05-05 11:05:43,361] - logger_.py] - INFO: -----------------------用例开始得分割线-----------------------

[2023-05-05 11:05:43,362] - logger_.py] - DEBUG: 接口请求的方式：POST
[2023-05-05 11:05:43,362] - logger_.py] - DEBUG: 接口请求的地址: http://192.168.122.239:7037/hc/app/loan/queryAvailableProduct
[2023-05-05 11:05:43,363] - logger_.py] - DEBUG: 接口请求的参数: "{\"dayRate\": \"0.77\", \"expectedInstallment\": 0, \"isNew\": \"1\", \"merchantNo\": \"01\", \"orgNo\": \"MEX\", \"prductPayAmountMax\": 1300, \"prductPayAmountMin\": 300, \"productAmount\": 0, \"productFastPayTime\": \"50\", \"productIntroduce\": \"testhhh\", \"productLoanTerm\": \"1\", \"productName\": \"Pr\\u00e9stamos seguros\", \"productNo\": \"\", \"productPictureUrl\": \"/upload/image/20220803/2022080301312987180381.png\", \"productTerm\": 0, \"showPeriod\": 0, \"userExpectedAmount\": 0, \"userExpectedTerm\": 0}"
[2023-05-05 11:05:43,939] - logger_.py] - DEBUG: 接口响应结果是:{
  "code": 0,
  "msg": "\u6210\u529f",
  "data": [
    {
      "maxLoanAmount": 1000.0,
      "loanDay": 8,
      "installmentNum": 1,
      "fistInstallmentDays": 8,
      "productNo": "MEX_01_1_20220617173142"
    },
    {
      "maxLoanAmount": 1000.0,
      "loanDay": 15,
      "installmentNum": 1,
      "fistInstallmentDays": 15,
      "productNo": "MEX_01_1_20220617173155"
    },
    {
      "maxLoanAmount": 1000.0,
      "loanDay": 10,
      "installmentNum": 1,
      "fistInstallmentDays": 10,
      "productNo": "MEX_01_1_20220927173142"
    }
  ],
  "traceId": "cefad26d5d624e7c852541d517b1a160.152.16832559417240099",
  "paginNation": {
    "total": 0,
    "pageNo": 0,
    "pageSize": 0,
    "pages": 0
  },
  "skyWalkingDynamicField": null,
  "success": true
}
[2023-05-05 11:05:43,941] - logger_.py] - INFO: -----------------------用例结束得分割线-----------------------
[2023-05-05 11:05:43,942] - logger_.py] - INFO: -----------------------用例开始得分割线-----------------------

[2023-05-05 11:05:43,944] - logger_.py] - DEBUG: 接口请求的方式：POST
[2023-05-05 11:05:43,945] - logger_.py] - DEBUG: 接口请求的地址: http://192.168.122.239:7037/hc/app/market/submitOneProduct
[2023-05-05 11:05:43,946] - logger_.py] - DEBUG: 接口请求的参数: "{\"promotionChannels\": \"googlePlay\", \"firstExpectDay\": 121, \"work\": {\"income\": \"1\", \"incomeLabel\": \"1\\u4e07-1.5\\u4e07\", \"payDay\": \"5\", \"post\": \"6\", \"postLabel\": \"\\u519c\\u6c11\", \"workTime\": \"7\", \"workTimeLabel\": \"3-5\\u5e74\"}, \"sign\": {\"adbEnabled\": 1, \"androidId\": \"1293af837ebecb51\", \"availableStorage\": \"95.5419GB\", \"battery\": \"99\", \"codeName\": \"REL\", \"cpu\": \"arm64-v8a\", \"cpuCores\": \"8\", \"cpuInfo\": \" Qualcomm Technologies, Inc SDM660\", \"cpuSpeed\": \"1843200KHz\", \"currentWifi\": \"\\\"HAI-INNER\\\"\", \"detailAddress\": \"\", \"deviceLanguage\": \"zh\", \"deviceMac\": \"38:6E:A2:F0:C6:99\", \"deviceModel\": \"vivo#vivo X20A\", \"deviceSerial\": \"b605da0c\", \"deviceSoftwareVersion\": \"96\", \"deviceVersionType\": \"user\", \"displayMetrics\": \"1080,2160\", \"fingerPrint\": \"vivo/PD1709/PD1709:8.1.0/OPM1.171019.011/compil07282320:user/release-keys\", \"gaid\": \"\", \"hardware\": \"qcom\", \"imei\": \"867368038337617\", \"imsi\": \"\", \"lag\": \"\", \"lng\": \"\", \"mobileName\": \"vivo X20A\", \"model\": \"vivo#vivo X20A\", \"networkOperator\": \"\", \"networkOperatorName\": \"\", \"networkType\": \"wifi\", \"os\": \"8.1.0\", \"phoneAvailableRam\": \"1.4318GB\", \"phoneOs\": \"Android\", \"phoneTotalRam\": \"3.8951GB\", \"product\": \"PD1709\", \"radioVersion\": \"660_GEN_PACK-1.169733.1.227857.2\", \"resolution\": \"1080,2160\", \"resolutionHeight\": \"2160\", \"resolutionWidth\": \"1080\", \"rooted\": 0, \"routerMac\": \"98:f1:81:0c:cb:e2\", \"runtimeAvailableMemory\": \"0.0007GB\", \"runtimeMaxMemory\": \"0.2684GB\", \"simState\": \"0\", \"simulator\": \"0\", \"timeZone\": \"GMT+08:00\", \"totalStorage\": \"115.5784GB\", \"uuid\": \"756f517475674e616a4b4c6f616956426663527158774c6d616b73484f686300\", \"uuidOriginal\": \"[117, 111, 81, 116, 117, 103, 78, 97, 106, 75, 76, 111, 97, 105, 86, 66, 102, 99, 82, 113, 88, 119, 76, 109, 97, 107, 115, 72, 79, 104, 99, 0]\"}, \"s2sSendEventDto\": {\"appId\": \"com.loans.customer.application\", \"appsflyerId\": \"Mu9Lvw3vMLLhv3MQyRvLx4\", \"gaid\": \"\", \"uuid\": \"1679628344563-6496815496248\"}, \"usePromoCode\": 0, \"bank\": {\"attach\": [{\"channel\": \"app\", \"localPath\": \"/storage/emulated/0/Download/images/1680259237272.jpg\", \"md5\": \"00BA824D9674CCA5D857C894F1C072E3\", \"newName\": \"20230419105335145505118.jpg\", \"newPathName\": \"/upload/file/20230419/20230419105335145505118.jpg\", \"originalAttachName\": \"1680259237272.jpg\", \"originalName\": \"1680259237272.jpg\", \"path\": \"/upload/file/20230419\", \"purpose\": \"sfzzm\", \"size\": 2102647, \"uploadType\": \"file\"}, {\"channel\": \"app\", \"localPath\": \"/storage/emulated/0/Download/images/1680255435029.jpg\", \"md5\": \"16CA87A606214A894BD29E2468EA59E5\", \"newName\": \"20230419105412145658541.jpg\", \"newPathName\": \"/upload/file/20230419/20230419105412145658541.jpg\", \"originalAttachName\": \"1680255435029.jpg\", \"originalName\": \"1680255435029.jpg\", \"path\": \"/upload/file/20230419\", \"purpose\": \"scsfz\", \"size\": 2322111, \"uploadType\": \"file\"}], \"idCard\": \"0484644848\", \"idCardRegex\": \"^\\\\d{10}$\", \"idCardType\": \"5\", \"idCardTypeLabel\": \"SSS ID\", \"placeholder\": \"0123456789\", \"prefix\": \"\"}, \"firstExpectAmount\": 3300, \"orgNo\": \"CG\", \"appList\": [{\"appName\": \"\\u751f\\u6d3b\\u94b1\\u5305\", \"appVersion\": \"1.0.0\", \"firstInstallTime\": \"2022-04-18 19:01:13\", \"lastUpdateTime\": \"2022-04-18 19:47:43\", \"packageName\": \"com.life.wallet\"}, {\"appName\": \"\\u6743\\u9650\\u7ba1\\u7406\", \"appVersion\": \"4.5.5.1\", \"firstInstallTime\": \"2009-01-01 00:00:00\", \"lastUpdateTime\": \"2009-01-01 00:00:00\", \"packageName\": \"com.vivo.permissionmanager\"}, {\"appName\": \"\\u5feb\\u5e94\\u7528\", \"appVersion\": \"1.10.2.202\", \"firstInstallTime\": \"2009-01-01 00:00:00\", \"lastUpdateTime\": \"2022-12-12 02:26:57\", \"packageName\": \"com.vivo.hybrid\"}, {\"appName\": \"vivo\\u684c\\u9762\", \"appVersion\": \"5.0.6.9\", \"firstInstallTime\": \"2009-01-01 00:00:00\", \"lastUpdateTime\": \"2022-10-14 04:01:15\", \"packageName\": \"com.bbk.launcher2\"}, {\"appName\": \"\\u7535\\u8bdd\", \"appVersion\": \"4.0\", \"firstInstallTime\": \"2009-01-01 00:00:00\", \"lastUpdateTime\": \"2009-01-01 00:00:00\", \"packageName\": \"com.android.dialer\"}, {\"appName\": \"QQ\", \"appVersion\": \"8.9.25\", \"firstInstallTime\": \"1974-01-24 01:52:58\", \"lastUpdateTime\": \"2023-01-04 11:42:13\", \"packageName\": \"com.tencent.mobileqq\"}, {\"appName\": \"\\u8f6f\\u4ef6\\u5305\\u5b89\\u88c5\\u7a0b\\u5e8f\", \"appVersion\": \"12.3.2.0.4\", \"firstInstallTime\": \"2009-01-01 00:00:00\", \"lastUpdateTime\": \"2022-11-16 03:53:02\", \"packageName\": \"com.android.packageinstaller\"}, {\"appName\": \"\\u9605\\u56fe\\u9501\\u5c4f\\u670d\\u52a1\", \"appVersion\": \"4.3.1.2\", \"firstInstallTime\": \"2009-01-01 00:00:00\", \"lastUpdateTime\": \"2009-01-01 00:00:00\", \"packageName\": \"com.vivo.magazine\"}, {\"appName\": \"\\u5168\\u5c40\\u5185\\u5bb9\\u8bc6\\u522b\", \"appVersion\": \"8.6.0.4\", \"firstInstallTime\": \"2009-01-01 00:00:00\", \"lastUpdateTime\": \"2022-12-12 18:28:35\", \"packageName\": \"com.vivo.contentcatcher\"}, {\"appName\": \"\\u7cfb\\u7edf\\u754c\\u9762\", \"appVersion\": \"4.0\", \"firstInstallTime\": \"2009-01-01 00:00:00\", \"lastUpdateTime\": \"2009-01-01 00:00:00\", \"packageName\": \"com.android.systemui\"}, {\"appName\": \"\\u8d85\\u7ea7\\u7701\\u7535\", \"appVersion\": \"4.0.6\", \"firstInstallTime\": \"2009-01-01 00:00:00\", \"lastUpdateTime\": \"2009-01-01 00:00:00\", \"packageName\": \"com.bbk.SuperPowerSave\"}, {\"appName\": \"\\u6d4f\\u89c8\\u5668\", \"appVersion\": \"12.9.0.0\", \"firstInstallTime\": \"2009-01-01 00:00:00\", \"lastUpdateTime\": \"2022-12-13 06:09:05\", \"packageName\": \"com.vivo.browser\"}, {\"appName\": \"\\u6dd8\\u5b9d\", \"appVersion\": \"10.18.10\", \"firstInstallTime\": \"1974-01-24 01:52:58\", \"lastUpdateTime\": \"2022-11-29 09:36:59\", \"packageName\": \"com.taobao.taobao\"}], \"applyLoanAmount\": 3300, \"configPayout\": true, \"adjustDto\": {\"appToken\": \"ifuidhmsevb4\"}, \"customerSource\": \"com.loans.customer.application\", \"newOrder\": \"1\", \"payoutPaymentConfig\": {\"bankConfig\": {\"bankCard\": \"\", \"bankType\": {\"label\": \"\", \"value\": \"\"}, \"name\": \"\"}, \"ewalletConfig\": {\"accountHolder\": \"dbhd,dbbd\", \"accountNo\": \"09234191046\"}, \"paymentChildKey\": {\"label\": \"GCash\", \"value\": \"gcash\"}, \"paymentTypeKey\": {\"label\": \"E-wallect\", \"value\": \"ewallet\"}, \"payoutChannel\": \"xendit\", \"storeConfig\": {\"mobileNumber\": \"\", \"name\": \"\"}}, \"productNo\": \"CG_25_1_0_202301091038590231\", \"base\": {\"birthday\": \"1991-04-10\", \"childLabel\": \"3\", \"childNum\": \"3\", \"education\": \"3\", \"educationLabel\": \"\\u9ad8\\u4e2d\", \"email\": \"q@qq.com\", \"facebook\": \"facebook\", \"familyName\": \"dbhd\", \"givenName\": \"dbbd\", \"instancyContacts\": [{\"contactName\": \"amy one\", \"contactPhone\": \"09450000111\", \"contactRealName\": \"amy one\", \"contactRelation\": \"0\", \"contactRelationLabel\": \"\\u914d\\u5076\", \"sort\": 0}, {\"contactName\": \"amy two\", \"contactPhone\": \"09450000001\", \"contactRealName\": \"amy two\", \"contactRelation\": \"1\", \"contactRelationLabel\": \"\\u5144\\u5f1f\\u59d0\\u59b9\", \"sort\": 0}, {\"contactName\": \"amy3\", \"contactPhone\": \"09450000003\", \"contactRealName\": \"amy3\", \"contactRelation\": \"2\", \"contactRelationLabel\": \"\\u7236\\u6bcd\", \"sort\": 0}], \"maritalStatus\": \"2\", \"maritalStatusLabel\": \"\\u5df2\\u5a5a\", \"middleName\": \"\", \"placeAddress\": \"zbvdd\", \"placeAddressLabel\": \"CAGAYAN ABULUG Calog Sur\", \"placeCity\": \"0006\", \"placeCounty\": \"0006342\", \"placeDistrict\": \"000634203301\", \"placeTime\": \"8\", \"placeTimeLabel\": \"5-10\\u5e74\", \"propertyInfo\": \"4\", \"propertyInfoLabel\": \"\\u6709\\u8f66\\u6709\\u623f\", \"sex\": \"2\", \"sysPlaceAddress\": \"CAGAYAN ABULUG Calog Sur zbvdd\", \"uname\": \"dbhd,dbbd\"}, \"merchantNo\": \"25\"}"
[2023-05-05 11:05:44,473] - logger_.py] - DEBUG: 接口响应结果是:{
  "code": -4,
  "msg": "\u8bf7\u7a0d\u540e\u518d\u8bd5",
  "data": null,
  "traceId": "cefad26d5d624e7c852541d517b1a160.157.16832559423160095",
  "paginNation": {
    "total": 0,
    "pageNo": 0,
    "pageSize": 0,
    "pages": 0
  },
  "skyWalkingDynamicField": null,
  "success": false
}
[2023-05-05 11:05:44,545] - logger_.py] - INFO: -----------------------用例结束得分割线-----------------------
